[01m[K/home/sas/ros2_ws/src/beginner_tutorials/src/publisher.cpp:56:47:[m[K [01;35m[Kwarning: [m[Kmissing terminating " character
   56 |       RCLCPP_ERROR_STREAM(this->get_logger(), [01;35m[K"[m[KError encountered at time of
      |                                               [01;35m[K^[m[K
[01m[K/home/sas/ros2_ws/src/beginner_tutorials/src/publisher.cpp:58:21:[m[K [01;35m[Kwarning: [m[Kmissing terminating " character
   58 |       may not work!![01;35m[K"[m[K);
      |                     [01;35m[K^[m[K
[01m[K/home/sas/ros2_ws/src/beginner_tutorials/src/publisher.cpp:113:2:[m[K [01;31m[Kerror: [m[Kunterminated argument list invoking macro "RCLCPP_ERROR_STREAM"
  113 | }
      |  [01;31m[K^[m[K
[01m[K/home/sas/ros2_ws/src/beginner_tutorials/src/publisher.cpp:56:26:[m[K [01;31m[Kerror: [m[Kexpected â€˜[01m[K}[m[Kâ€™ at end of input
   56 |       RCLCPP_ERROR_STREAM[01;31m[K([m[Kthis->get_logger(), "Error encountered at time of
      |                          [01;31m[K^[m[K
[01m[K/home/sas/ros2_ws/src/beginner_tutorials/src/publisher.cpp:30:39:[m[K [01;36m[Knote: [m[Kto match this â€˜[01m[K{[m[Kâ€™
   30 | class Publisher : public rclcpp::Node [01;36m[K{[m[K
      |                                       [01;36m[K^[m[K
[01m[K/home/sas/ros2_ws/src/beginner_tutorials/src/publisher.cpp:[m[K In constructor â€˜[01m[KPublisher::Publisher()[m[Kâ€™:
[01m[K/home/sas/ros2_ws/src/beginner_tutorials/src/publisher.cpp:32:36:[m[K [01;31m[Kerror: [m[Kclass â€˜[01m[KPublisher[m[Kâ€™ does not have any field named â€˜[01m[Kcount_[m[Kâ€™
   32 |   Publisher() : Node("publisher"), [01;31m[Kcount_[m[K(0) {
      |                                    [01;31m[K^~~~~~[m[K
[01m[K/home/sas/ros2_ws/src/beginner_tutorials/src/publisher.cpp:34:7:[m[K [01;31m[Kerror: [m[Kâ€˜[01m[Kpublisher_[m[Kâ€™ was not declared in this scope; did you mean â€˜[01m[KPublisher[m[Kâ€™?
   34 |       [01;31m[Kpublisher_[m[K = this->create_publisher<std_msgs::msg::String>("chatter", 10);
      |       [01;31m[K^~~~~~~~~~[m[K
      |       [32m[KPublisher[m[K
[01m[K/home/sas/ros2_ws/src/beginner_tutorials/src/publisher.cpp:45:7:[m[K [01;31m[Kerror: [m[Kâ€˜[01m[Ktimer_[m[Kâ€™ was not declared in this scope; did you mean â€˜[01m[Ktimer_t[m[Kâ€™?
   45 |       [01;31m[Ktimer_[m[K = this->create_wall_timer(
      |       [01;31m[K^~~~~~[m[K
      |       [32m[Ktimer_t[m[K
[01m[K/home/sas/ros2_ws/src/beginner_tutorials/src/publisher.cpp:47:33:[m[K [01;31m[Kerror: [m[Kâ€˜[01m[Ktimer_callback[m[Kâ€™ is not a member of â€˜[01m[KPublisher[m[Kâ€™
   47 |           std::bind(&Publisher::[01;31m[Ktimer_callback[m[K, this));
      |                                 [01;31m[K^~~~~~~~~~~~~~[m[K
[01m[K/home/sas/ros2_ws/src/beginner_tutorials/src/publisher.cpp:49:7:[m[K [01;31m[Kerror: [m[Kâ€˜[01m[Kserver[m[Kâ€™ was not declared in this scope
   49 |       [01;31m[Kserver[m[K = this->create_service<beginner_tutorials::srv::ChangeString>(
      |       [01;31m[K^~~~~~[m[K
[01m[K/home/sas/ros2_ws/src/beginner_tutorials/src/publisher.cpp:51:33:[m[K [01;31m[Kerror: [m[Kâ€˜[01m[KchangeString[m[Kâ€™ is not a member of â€˜[01m[KPublisher[m[Kâ€™
   51 |           std::bind(&Publisher::[01;31m[KchangeString[m[K, this, std::placeholders::_1,
      |                                 [01;31m[K^~~~~~~~~~~~[m[K
[01m[K/home/sas/ros2_ws/src/beginner_tutorials/src/publisher.cpp:56:7:[m[K [01;31m[Kerror: [m[Kâ€˜[01m[KRCLCPP_ERROR_STREAM[m[Kâ€™ was not declared in this scope
   56 |       [01;31m[KRCLCPP_ERROR_STREAM[m[K(this->get_logger(), "Error encountered at time of
      |       [01;31m[K^~~~~~~~~~~~~~~~~~~[m[K
[01m[K/home/sas/ros2_ws/src/beginner_tutorials/src/publisher.cpp:56:26:[m[K [01;31m[Kerror: [m[Kexpected â€˜[01m[K}[m[Kâ€™ at end of input
   56 |       RCLCPP_ERROR_STREAM[01;31m[K([m[Kthis->get_logger(), "Error encountered at time of
      |                          [01;31m[K^[m[K
[01m[K/home/sas/ros2_ws/src/beginner_tutorials/src/publisher.cpp:55:19:[m[K [01;36m[Knote: [m[Kto match this â€˜[01m[K{[m[Kâ€™
   55 |     } catch (...) [01;36m[K{[m[K
      |                   [01;36m[K^[m[K
[01m[K/home/sas/ros2_ws/src/beginner_tutorials/src/publisher.cpp:56:26:[m[K [01;31m[Kerror: [m[Kexpected â€˜[01m[K}[m[Kâ€™ at end of input
   56 |       RCLCPP_ERROR_STREAM[01;31m[K([m[Kthis->get_logger(), "Error encountered at time of
      |                          [01;31m[K^[m[K
[01m[K/home/sas/ros2_ws/src/beginner_tutorials/src/publisher.cpp:32:46:[m[K [01;36m[Knote: [m[Kto match this â€˜[01m[K{[m[Kâ€™
   32 |   Publisher() : Node("publisher"), count_(0) [01;36m[K{[m[K
      |                                              [01;36m[K^[m[K
[01m[K/home/sas/ros2_ws/src/beginner_tutorials/src/publisher.cpp:[m[K At global scope:
[01m[K/home/sas/ros2_ws/src/beginner_tutorials/src/publisher.cpp:56:26:[m[K [01;31m[Kerror: [m[Kexpected unqualified-id at end of input
   56 |       RCLCPP_ERROR_STREAM[01;31m[K([m[Kthis->get_logger(), "Error encountered at time of
      |                          [01;31m[K^[m[K
gmake[2]: *** [CMakeFiles/talker.dir/build.make:76: CMakeFiles/talker.dir/src/publisher.cpp.o] Error 1
gmake[1]: *** [CMakeFiles/Makefile2:598: CMakeFiles/talker.dir/all] Error 2
gmake[1]: *** Waiting for unfinished jobs....
gmake: *** [Makefile:146: all] Error 2
