[35m[1mConsolidate compiler generated dependencies of target beginner_tutorials__rosidl_generator_c[0m
[  2%] Built target beginner_tutorials__cpp
[  5%] [32mBuilding CXX object CMakeFiles/listener.dir/src/subscriber.cpp.o[0m
[  5%] Built target ament_cmake_python_copy_beginner_tutorials
[ 13%] Built target beginner_tutorials__rosidl_generator_c
[ 16%] [34m[1mGenerating C++ type support dispatch for ROS interfaces[0m
[ 18%] [34m[1mGenerating C++ type support for eProsima Fast-RTPS[0m
[ 21%] [34m[1mGenerating C++ introspection for ROS interfaces[0m
[ 27%] [34m[1mGenerating C type support for eProsima Fast-RTPS[0m
[ 27%] [34m[1mGenerating C type support dispatch for ROS interfaces[0m
[ 29%] [34m[1mGenerating C introspection for ROS interfaces[0m
[ 32%] [32mBuilding CXX object CMakeFiles/beginner_tutorials__rosidl_typesupport_introspection_cpp.dir/rosidl_typesupport_introspection_cpp/beginner_tutorials/srv/detail/change_string__type_support.cpp.o[0m
[ 35%] [32mBuilding CXX object CMakeFiles/beginner_tutorials__rosidl_typesupport_cpp.dir/rosidl_typesupport_cpp/beginner_tutorials/srv/change_string__type_support.cpp.o[0m
[ 37%] [32mBuilding CXX object CMakeFiles/beginner_tutorials__rosidl_typesupport_fastrtps_cpp.dir/rosidl_typesupport_fastrtps_cpp/beginner_tutorials/srv/detail/dds_fastrtps/change_string__type_support.cpp.o[0m
[ 40%] [32mBuilding CXX object CMakeFiles/beginner_tutorials__rosidl_typesupport_c.dir/rosidl_typesupport_c/beginner_tutorials/srv/change_string__type_support.cpp.o[0m
[ 43%] [32mBuilding CXX object CMakeFiles/beginner_tutorials__rosidl_typesupport_fastrtps_c.dir/rosidl_typesupport_fastrtps_c/beginner_tutorials/srv/detail/change_string__type_support_c.cpp.o[0m
running egg_info
writing beginner_tutorials.egg-info/PKG-INFO
writing dependency_links to beginner_tutorials.egg-info/dependency_links.txt
writing top-level names to beginner_tutorials.egg-info/top_level.txt
reading manifest file 'beginner_tutorials.egg-info/SOURCES.txt'
writing manifest file 'beginner_tutorials.egg-info/SOURCES.txt'
[ 45%] [32m[1mLinking CXX shared library libbeginner_tutorials__rosidl_typesupport_c.so[0m
[ 45%] Built target ament_cmake_python_build_beginner_tutorials_egg
[ 48%] [32mBuilding C object CMakeFiles/beginner_tutorials__rosidl_typesupport_introspection_c.dir/rosidl_typesupport_introspection_c/beginner_tutorials/srv/detail/change_string__type_support.c.o[0m
[ 51%] [32m[1mLinking C shared library libbeginner_tutorials__rosidl_typesupport_introspection_c.so[0m
[ 51%] Built target beginner_tutorials__rosidl_typesupport_c
[ 51%] Built target beginner_tutorials__rosidl_typesupport_introspection_c
[ 54%] [32m[1mLinking CXX shared library libbeginner_tutorials__rosidl_typesupport_cpp.so[0m
[ 54%] Built target beginner_tutorials__rosidl_typesupport_cpp
[ 56%] [32m[1mLinking CXX shared library libbeginner_tutorials__rosidl_typesupport_introspection_cpp.so[0m
[ 59%] [32m[1mLinking CXX shared library libbeginner_tutorials__rosidl_typesupport_fastrtps_c.so[0m
[ 59%] Built target beginner_tutorials__rosidl_typesupport_fastrtps_c
[ 59%] Built target beginner_tutorials__rosidl_typesupport_introspection_cpp
[ 62%] [32m[1mLinking CXX shared library libbeginner_tutorials__rosidl_typesupport_fastrtps_cpp.so[0m
[ 62%] Built target beginner_tutorials__rosidl_typesupport_fastrtps_cpp
[ 62%] Built target beginner_tutorials
[ 64%] [34m[1mGenerating Python code for ROS interfaces[0m
[ 67%] [32mBuilding CXX object CMakeFiles/server_client.dir/src/server_client.cpp.o[0m
[ 70%] [32mBuilding CXX object CMakeFiles/talker.dir/src/publisher.cpp.o[0m
[ 70%] Built target beginner_tutorials__py
[ 72%] [32mBuilding C object CMakeFiles/beginner_tutorials__rosidl_generator_py.dir/rosidl_generator_py/beginner_tutorials/srv/_change_string_s.c.o[0m
[ 75%] [32m[1mLinking C shared library rosidl_generator_py/beginner_tutorials/libbeginner_tutorials__rosidl_generator_py.so[0m
[ 75%] Built target beginner_tutorials__rosidl_generator_py
[ 78%] [32mBuilding C object CMakeFiles/beginner_tutorials__rosidl_typesupport_c__pyext.dir/rosidl_generator_py/beginner_tutorials/_beginner_tutorials_s.ep.rosidl_typesupport_c.c.o[0m
[ 81%] [32mBuilding C object CMakeFiles/beginner_tutorials__rosidl_typesupport_introspection_c__pyext.dir/rosidl_generator_py/beginner_tutorials/_beginner_tutorials_s.ep.rosidl_typesupport_introspection_c.c.o[0m
[ 83%] [32mBuilding C object CMakeFiles/beginner_tutorials__rosidl_typesupport_fastrtps_c__pyext.dir/rosidl_generator_py/beginner_tutorials/_beginner_tutorials_s.ep.rosidl_typesupport_fastrtps_c.c.o[0m
[ 86%] [32m[1mLinking C shared library rosidl_generator_py/beginner_tutorials/beginner_tutorials_s__rosidl_typesupport_introspection_c.cpython-310-x86_64-linux-gnu.so[0m
[ 89%] [32m[1mLinking C shared library rosidl_generator_py/beginner_tutorials/beginner_tutorials_s__rosidl_typesupport_fastrtps_c.cpython-310-x86_64-linux-gnu.so[0m
[ 91%] [32m[1mLinking C shared library rosidl_generator_py/beginner_tutorials/beginner_tutorials_s__rosidl_typesupport_c.cpython-310-x86_64-linux-gnu.so[0m
[ 91%] Built target beginner_tutorials__rosidl_typesupport_introspection_c__pyext
[ 91%] Built target beginner_tutorials__rosidl_typesupport_fastrtps_c__pyext
[ 91%] Built target beginner_tutorials__rosidl_typesupport_c__pyext
[01m[K/home/sas/ros2_ws/src/beginner_tutorials/src/subscriber.cpp:37:18:[m[K [01;31m[Kerror: [m[Kâ€˜[01m[Kbeginner_tutorials[m[Kâ€™ was not declared in this scope
   37 |   rclcpp::Client<[01;31m[Kbeginner_tutorials[m[K::srv::ChangeString>::SharedPtr client;
      |                  [01;31m[K^~~~~~~~~~~~~~~~~~[m[K
[01m[K/home/sas/ros2_ws/src/beginner_tutorials/src/subscriber.cpp:37:55:[m[K [01;31m[Kerror: [m[Ktemplate argument 1 is invalid
   37 |   rclcpp::Client<beginner_tutorials::srv::ChangeString[01;31m[K>[m[K::SharedPtr client;
      |                                                       [01;31m[K^[m[K
[01m[K/home/sas/ros2_ws/src/beginner_tutorials/src/subscriber.cpp:37:58:[m[K [01;31m[Kerror: [m[Kexpected â€˜[01m[K;[m[Kâ€™ at end of member declaration
   37 |   rclcpp::Client<beginner_tutorials::srv::ChangeString>::[01;31m[KSharedPtr[m[K client;
      |                                                          [01;31m[K^~~~~~~~~[m[K
      |                                                                   [32m[K;[m[K
[01m[K/home/sas/ros2_ws/src/beginner_tutorials/src/subscriber.cpp:37:68:[m[K [01;31m[Kerror: [m[Kâ€˜[01m[Kclient[m[Kâ€™ does not name a type
   37 |   rclcpp::Client<beginner_tutorials::srv::ChangeString>::SharedPtr [01;31m[Kclient[m[K;
      |                                                                    [01;31m[K^~~~~~[m[K
[01m[K/home/sas/ros2_ws/src/beginner_tutorials/src/subscriber.cpp:[m[K In constructor â€˜[01m[KServerClient::ServerClient()[m[Kâ€™:
[01m[K/home/sas/ros2_ws/src/beginner_tutorials/src/subscriber.cpp:27:5:[m[K [01;31m[Kerror: [m[Kâ€˜[01m[Kclient[m[Kâ€™ was not declared in this scope
   27 |     [01;31m[Kclient[m[K = this->create_client<beginner_tutorials::srv::ChangeString>(
      |     [01;31m[K^~~~~~[m[K
[01m[K/home/sas/ros2_ws/src/beginner_tutorials/src/subscriber.cpp:27:34:[m[K [01;31m[Kerror: [m[Kâ€˜[01m[Kbeginner_tutorials[m[Kâ€™ was not declared in this scope
   27 |     client = this->create_client<[01;31m[Kbeginner_tutorials[m[K::srv::ChangeString>(
      |                                  [01;31m[K^~~~~~~~~~~~~~~~~~[m[K
[01m[K/home/sas/ros2_ws/src/beginner_tutorials/src/subscriber.cpp:27:20:[m[K [01;31m[Kerror: [m[Kparse error in template argument list
   27 |     client = this->[01;31m[Kcreate_client<beginner_tutorials::srv::ChangeString>[m[K(
      |                    [01;31m[K^~~~~~~~~~~~~~~~~~~~~~~~~~~~~~~~~~~~~~~~~~~~~~~~~~~~[m[K
[01m[K/home/sas/ros2_ws/src/beginner_tutorials/src/subscriber.cpp:27:72:[m[K [01;31m[Kerror: [m[Kno matching function for call to â€˜[01m[KServerClient::create_client<<expression error> >(const char [13])[m[Kâ€™
   27 |     client = [01;31m[Kthis->create_client<beginner_tutorials::srv::ChangeString>([m[K
      |              [01;31m[K~~~~~~~~~~~~~~~~~~~~~~~~~~~~~~~~~~~~~~~~~~~~~~~~~~~~~~~~~~^[m[K
   28 | [01;31m[K        "service_node")[m[K;
      |         [01;31m[K~~~~~~~~~~~~~~~[m[K                                                 
In file included from [01m[K/opt/ros/humble/include/rclcpp/rclcpp/executors/single_threaded_executor.hpp:28[m[K,
                 from [01m[K/opt/ros/humble/include/rclcpp/rclcpp/executors.hpp:22[m[K,
                 from [01m[K/opt/ros/humble/include/rclcpp/rclcpp/rclcpp.hpp:155[m[K,
                 from [01m[K/home/sas/ros2_ws/src/beginner_tutorials/src/subscriber.cpp:13[m[K:
[01m[K/opt/ros/humble/include/rclcpp/rclcpp/node.hpp:252:3:[m[K [01;36m[Knote: [m[Kcandidate: â€˜[01m[Ktemplate<class ServiceT> typename rclcpp::Client<ServiceT>::SharedPtr rclcpp::Node::create_client(const string&, const rmw_qos_profile_t&, rclcpp::CallbackGroup::SharedPtr)[m[Kâ€™
  252 |   [01;36m[Kcreate_client[m[K(
      |   [01;36m[K^~~~~~~~~~~~~[m[K
[01m[K/opt/ros/humble/include/rclcpp/rclcpp/node.hpp:252:3:[m[K [01;36m[Knote: [m[K  template argument deduction/substitution failed:
[01m[K/home/sas/ros2_ws/src/beginner_tutorials/src/subscriber.cpp:27:72:[m[K [01;31m[Kerror: [m[Ktemplate argument 1 is invalid
   27 |     client = [01;31m[Kthis->create_client<beginner_tutorials::srv::ChangeString>([m[K
      |              [01;31m[K~~~~~~~~~~~~~~~~~~~~~~~~~~~~~~~~~~~~~~~~~~~~~~~~~~~~~~~~~~^[m[K
   28 | [01;31m[K        "service_node")[m[K;
      |         [01;31m[K~~~~~~~~~~~~~~~[m[K                                                 
[01m[K/home/sas/ros2_ws/src/beginner_tutorials/src/subscriber.cpp:[m[K In member function â€˜[01m[Kauto ServerClient::getRequest(char**)[m[Kâ€™:
[01m[K/home/sas/ros2_ws/src/beginner_tutorials/src/subscriber.cpp:32:9:[m[K [01;31m[Kerror: [m[Kâ€˜[01m[Kbeginner_tutorials[m[Kâ€™ was not declared in this scope
   32 |         [01;31m[Kbeginner_tutorials[m[K::srv::ChangeString::Request>();  // CHANGE
      |         [01;31m[K^~~~~~~~~~~~~~~~~~[m[K
[01m[K/home/sas/ros2_ws/src/beginner_tutorials/src/subscriber.cpp:31:25:[m[K [01;31m[Kerror: [m[Kparse error in template argument list
   31 |     auto request = std::[01;31m[Kmake_shared<[m[K
      |                         [01;31m[K^~~~~~~~~~~~[m[K
   32 | [01;31m[K        beginner_tutorials::srv::ChangeString::Request>[m[K();  // CHANGE
      |         [01;31m[K~~~~~~~~~~~~~~~~~~~~~~~~~~~~~~~~~~~~~~~~~~~~~~~[m[K
[01m[K/home/sas/ros2_ws/src/beginner_tutorials/src/subscriber.cpp:32:56:[m[K [01;31m[Kerror: [m[Kno matching function for call to â€˜[01m[Kmake_shared<<expression error> >()[m[Kâ€™
   31 |     auto request = [01;31m[Kstd::make_shared<[m[K
      |                    [01;31m[K~~~~~~~~~~~~~~~~~[m[K                    
   32 | [01;31m[K        beginner_tutorials::srv::ChangeString::Request>()[m[K;  // CHANGE
      |         [01;31m[K~~~~~~~~~~~~~~~~~~~~~~~~~~~~~~~~~~~~~~~~~~~~~~~^~[m[K
In file included from [01m[K/usr/include/c++/11/memory:77[m[K,
                 from [01m[K/home/sas/ros2_ws/src/beginner_tutorials/src/subscriber.cpp:9[m[K:
[01m[K/usr/include/c++/11/bits/shared_ptr.h:875:5:[m[K [01;36m[Knote: [m[Kcandidate: â€˜[01m[Ktemplate<class _Tp, class ... _Args> std::shared_ptr<_Tp> std::make_shared(_Args&& ...)[m[Kâ€™
  875 |     [01;36m[Kmake_shared[m[K(_Args&&... __args)
      |     [01;36m[K^~~~~~~~~~~[m[K
[01m[K/usr/include/c++/11/bits/shared_ptr.h:875:5:[m[K [01;36m[Knote: [m[K  template argument deduction/substitution failed:
[01m[K/home/sas/ros2_ws/src/beginner_tutorials/src/subscriber.cpp:32:56:[m[K [01;31m[Kerror: [m[Ktemplate argument 1 is invalid
   31 |     auto request = [01;31m[Kstd::make_shared<[m[K
      |                    [01;31m[K~~~~~~~~~~~~~~~~~[m[K                    
   32 | [01;31m[K        beginner_tutorials::srv::ChangeString::Request>()[m[K;  // CHANGE
      |         [01;31m[K~~~~~~~~~~~~~~~~~~~~~~~~~~~~~~~~~~~~~~~~~~~~~~~^~[m[K
[01m[K/home/sas/ros2_ws/src/beginner_tutorials/src/subscriber.cpp:[m[K In function â€˜[01m[Kint main(int, char**)[m[Kâ€™:
[01m[K/home/sas/ros2_ws/src/beginner_tutorials/src/subscriber.cpp:44:20:[m[K [01;31m[Kerror: [m[Kâ€˜[01m[Kusing element_type = class ServerClient[m[Kâ€™ {aka â€˜[01m[Kclass ServerClient[m[Kâ€™} has no member named â€˜[01m[Kclient[m[Kâ€™
   44 |   while (!SClient->[01;31m[Kclient[m[K->wait_for_service(1s)) {
      |                    [01;31m[K^~~~~~[m[K
[01m[K/home/sas/ros2_ws/src/beginner_tutorials/src/subscriber.cpp:54:26:[m[K [01;31m[Kerror: [m[Kâ€˜[01m[Kusing element_type = class ServerClient[m[Kâ€™ {aka â€˜[01m[Kclass ServerClient[m[Kâ€™} has no member named â€˜[01m[Kclient[m[Kâ€™
   54 |   auto result = SClient->[01;31m[Kclient[m[K->async_send_request(request);
      |                          [01;31m[K^~~~~~[m[K
gmake[2]: *** [CMakeFiles/listener.dir/build.make:76: CMakeFiles/listener.dir/src/subscriber.cpp.o] Error 1
gmake[1]: *** [CMakeFiles/Makefile2:624: CMakeFiles/listener.dir/all] Error 2
gmake[1]: *** Waiting for unfinished jobs....
[ 94%] [32m[1mLinking CXX executable server_client[0m
[ 94%] Built target server_client
[ 97%] [32m[1mLinking CXX executable talker[0m
[ 97%] Built target talker
gmake: *** [Makefile:146: all] Error 2
