[0.124s] Invoking command in '/home/sas/ros2_ws/src/beginner_tutorials/build/beginner_tutorials': CMAKE_PREFIX_PATH=${CMAKE_PREFIX_PATH}:/opt/ros/humble /usr/bin/cmake /home/sas/ros2_ws/src/beginner_tutorials -DCMAKE_INSTALL_PREFIX=/home/sas/ros2_ws/src/beginner_tutorials/install/beginner_tutorials
[0.236s] -- The C compiler identification is GNU 11.4.0
[0.341s] -- The CXX compiler identification is GNU 11.4.0
[0.357s] -- Detecting C compiler ABI info
[0.480s] -- Detecting C compiler ABI info - done
[0.495s] -- Check for working C compiler: /usr/bin/cc - skipped
[0.495s] -- Detecting C compile features
[0.496s] -- Detecting C compile features - done
[0.503s] -- Detecting CXX compiler ABI info
[0.686s] -- Detecting CXX compiler ABI info - done
[0.699s] -- Check for working CXX compiler: /usr/bin/c++ - skipped
[0.700s] -- Detecting CXX compile features
[0.701s] -- Detecting CXX compile features - done
[0.704s] -- Found ament_cmake: 1.3.5 (/opt/ros/humble/share/ament_cmake/cmake)
[1.065s] -- Found Python3: /usr/bin/python3.10 (found version "3.10.12") found components: Interpreter 
[1.238s] -- Found rclcpp: 16.0.6 (/opt/ros/humble/share/rclcpp/cmake)
[1.318s] -- Found rosidl_generator_c: 3.1.5 (/opt/ros/humble/share/rosidl_generator_c/cmake)
[1.344s] -- Found rosidl_adapter: 3.1.5 (/opt/ros/humble/share/rosidl_adapter/cmake)
[1.360s] -- Found rosidl_generator_cpp: 3.1.5 (/opt/ros/humble/share/rosidl_generator_cpp/cmake)
[1.386s] -- Using all available rosidl_typesupport_c: rosidl_typesupport_fastrtps_c;rosidl_typesupport_introspection_c
[1.560s] -- Using all available rosidl_typesupport_cpp: rosidl_typesupport_fastrtps_cpp;rosidl_typesupport_introspection_cpp
[1.698s] -- Found rmw_implementation_cmake: 6.1.1 (/opt/ros/humble/share/rmw_implementation_cmake/cmake)
[1.702s] -- Found rmw_fastrtps_cpp: 6.2.4 (/opt/ros/humble/share/rmw_fastrtps_cpp/cmake)
[1.895s] -- Found OpenSSL: /usr/lib/x86_64-linux-gnu/libcrypto.so (found version "3.0.2")  
[1.946s] -- Found FastRTPS: /opt/ros/humble/include  
[2.034s] -- Using RMW implementation 'rmw_fastrtps_cpp' as default
[2.052s] -- Looking for pthread.h
[2.191s] -- Looking for pthread.h - found
[2.193s] -- Performing Test CMAKE_HAVE_LIBC_PTHREAD
[2.336s] -- Performing Test CMAKE_HAVE_LIBC_PTHREAD - Success
[2.339s] -- Found Threads: TRUE  
[2.701s] -- Found rosidl_default_generators: 1.2.0 (/opt/ros/humble/share/rosidl_default_generators/cmake)
[3.277s] -- Found ament_cmake_ros: 0.10.0 (/opt/ros/humble/share/ament_cmake_ros/cmake)
[3.914s] -- Using all available rosidl_typesupport_c: rosidl_typesupport_fastrtps_c;rosidl_typesupport_introspection_c
[4.170s] -- Using all available rosidl_typesupport_cpp: rosidl_typesupport_fastrtps_cpp;rosidl_typesupport_introspection_cpp
[4.217s] -- Found PythonInterp: /usr/bin/python3 (found suitable version "3.10.12", minimum required is "3.6") 
[4.221s] -- Found python_cmake_module: 0.10.0 (/opt/ros/humble/share/python_cmake_module/cmake)
[4.306s] -- Found PythonLibs: /usr/lib/x86_64-linux-gnu/libpython3.10.so (found suitable version "3.10.12", minimum required is "3.5") 
[4.307s] -- Using PYTHON_EXECUTABLE: /usr/bin/python3
[4.307s] -- Using PYTHON_INCLUDE_DIRS: /usr/include/python3.10
[4.308s] -- Using PYTHON_LIBRARIES: /usr/lib/x86_64-linux-gnu/libpython3.10.so
[4.441s] -- Found PythonExtra: .so  
[4.514s] [0mCMake Deprecation Warning at /opt/ros/humble/share/rosidl_cmake/cmake/rosidl_target_interfaces.cmake:32 (message):
[4.514s]   Use rosidl_get_typesupport_target() and target_link_libraries() instead of
[4.514s]   rosidl_target_interfaces()
[4.514s] Call Stack (most recent call first):
[4.514s]   CMakeLists.txt:47 (rosidl_target_interfaces)
[4.514s] 
[4.514s] [0m
[4.515s] [0mCMake Deprecation Warning at /opt/ros/humble/share/rosidl_cmake/cmake/rosidl_target_interfaces.cmake:32 (message):
[4.515s]   Use rosidl_get_typesupport_target() and target_link_libraries() instead of
[4.515s]   rosidl_target_interfaces()
[4.515s] Call Stack (most recent call first):
[4.515s]   CMakeLists.txt:49 (rosidl_target_interfaces)
[4.515s] 
[4.515s] [0m
[4.516s] -- Found ament_lint_auto: 0.12.8 (/opt/ros/humble/share/ament_lint_auto/cmake)
[4.604s] -- Added test 'cppcheck' to perform static code analysis on C / C++ code
[4.606s] -- Configured cppcheck include dirs: $<BUILD_INTERFACE:/home/sas/ros2_ws/src/beginner_tutorials/build/beginner_tutorials/rosidl_generator_c>;$<BUILD_INTERFACE:/home/sas/ros2_ws/src/beginner_tutorials/build/beginner_tutorials/rosidl_typesupport_fastrtps_c>;$<BUILD_INTERFACE:/home/sas/ros2_ws/src/beginner_tutorials/build/beginner_tutorials/rosidl_generator_cpp>;$<BUILD_INTERFACE:/home/sas/ros2_ws/src/beginner_tutorials/build/beginner_tutorials/rosidl_typesupport_fastrtps_cpp>;$<BUILD_INTERFACE:/home/sas/ros2_ws/src/beginner_tutorials/build/beginner_tutorials/rosidl_typesupport_introspection_c>;$<BUILD_INTERFACE:/home/sas/ros2_ws/src/beginner_tutorials/build/beginner_tutorials/rosidl_typesupport_introspection_cpp>;/home/sas/ros2_ws/src/beginner_tutorials/build/beginner_tutorials/rosidl_generator_c;/home/sas/ros2_ws/src/beginner_tutorials/build/beginner_tutorials/rosidl_generator_py
[4.606s] -- Configured cppcheck exclude dirs and/or files: 
[4.612s] -- Added test 'flake8' to check Python code syntax and style conventions
[4.624s] -- Added test 'lint_cmake' to check CMake code style
[4.631s] -- Added test 'pep257' to check Python code against some of the docstring style conventions in PEP 257
[4.679s] -- Added test 'uncrustify' to check C / C++ code style
[4.679s] -- Configured uncrustify additional arguments: 
[4.688s] -- Added test 'xmllint' to check XML markup files
[4.695s] -- Configuring done
[4.766s] -- Generating done
[4.772s] -- Build files have been written to: /home/sas/ros2_ws/src/beginner_tutorials/build/beginner_tutorials
[4.794s] Invoked command in '/home/sas/ros2_ws/src/beginner_tutorials/build/beginner_tutorials' returned '0': CMAKE_PREFIX_PATH=${CMAKE_PREFIX_PATH}:/opt/ros/humble /usr/bin/cmake /home/sas/ros2_ws/src/beginner_tutorials -DCMAKE_INSTALL_PREFIX=/home/sas/ros2_ws/src/beginner_tutorials/install/beginner_tutorials
[4.805s] Invoking command in '/home/sas/ros2_ws/src/beginner_tutorials/build/beginner_tutorials': CMAKE_PREFIX_PATH=${CMAKE_PREFIX_PATH}:/opt/ros/humble /usr/bin/cmake --build /home/sas/ros2_ws/src/beginner_tutorials/build/beginner_tutorials -- -j8 -l8
[4.896s] [  2%] [34m[1mGenerating C code for ROS interfaces[0m
[4.905s] [  5%] [32mBuilding CXX object CMakeFiles/listener.dir/src/subscriber.cpp.o[0m
[4.911s] [  8%] [34m[1mGenerating C++ code for ROS interfaces[0m
[4.918s] [  8%] Built target ament_cmake_python_copy_beginner_tutorials
[5.079s] [01m[K/home/sas/ros2_ws/src/beginner_tutorials/src/subscriber.cpp:8:10:[m[K [01;31m[Kfatal error: [m[Kbeginner_tutorials/srv/change_string.hpp: No such file or directory
[5.079s]     8 | #include [01;31m[K"beginner_tutorials/srv/change_string.hpp"[m[K
[5.079s]       |          [01;31m[K^~~~~~~~~~~~~~~~~~~~~~~~~~~~~~~~~~~~~~~~~~[m[K
[5.079s] compilation terminated.
[5.089s] gmake[2]: *** [CMakeFiles/listener.dir/build.make:76: CMakeFiles/listener.dir/src/subscriber.cpp.o] Error 1
[5.089s] gmake[1]: *** [CMakeFiles/Makefile2:624: CMakeFiles/listener.dir/all] Error 2
[5.089s] gmake[1]: *** Waiting for unfinished jobs....
[5.837s] running egg_info
[5.838s] creating beginner_tutorials.egg-info
[5.838s] writing beginner_tutorials.egg-info/PKG-INFO
[5.838s] writing dependency_links to beginner_tutorials.egg-info/dependency_links.txt
[5.838s] writing top-level names to beginner_tutorials.egg-info/top_level.txt
[5.840s] writing manifest file 'beginner_tutorials.egg-info/SOURCES.txt'
[5.840s] reading manifest file 'beginner_tutorials.egg-info/SOURCES.txt'
[5.840s] writing manifest file 'beginner_tutorials.egg-info/SOURCES.txt'
[5.913s] [  8%] Built target beginner_tutorials__cpp
[5.988s] [  8%] Built target ament_cmake_python_build_beginner_tutorials_egg
[5.991s] [ 10%] [32mBuilding C object CMakeFiles/beginner_tutorials__rosidl_generator_c.dir/rosidl_generator_c/beginner_tutorials/srv/detail/change_string__functions.c.o[0m
[6.109s] [ 13%] [32m[1mLinking C shared library libbeginner_tutorials__rosidl_generator_c.so[0m
[6.186s] [ 13%] Built target beginner_tutorials__rosidl_generator_c
[6.188s] gmake: *** [Makefile:146: all] Error 2
[6.192s] Invoked command in '/home/sas/ros2_ws/src/beginner_tutorials/build/beginner_tutorials' returned '2': CMAKE_PREFIX_PATH=${CMAKE_PREFIX_PATH}:/opt/ros/humble /usr/bin/cmake --build /home/sas/ros2_ws/src/beginner_tutorials/build/beginner_tutorials -- -j8 -l8
