[0.130s] Invoking command in '/home/sas/ros2_ws/beginner_tutorials/build/beginner_tutorials': CMAKE_PREFIX_PATH=/opt/ros/humble /usr/bin/cmake --build /home/sas/ros2_ws/beginner_tutorials/build/beginner_tutorials -- -j8 -l8
[0.217s] [35m[1mConsolidate compiler generated dependencies of target beginner_tutorials__rosidl_generator_c[0m
[0.232s] [  2%] Built target beginner_tutorials__cpp
[0.241s] [ 10%] Built target beginner_tutorials__rosidl_generator_c
[0.256s] [ 16%] Built target listener
[0.256s] [ 16%] Built target ament_cmake_python_copy_beginner_tutorials
[0.258s] [35m[1mConsolidate compiler generated dependencies of target beginner_tutorials__rosidl_typesupport_cpp[0m
[0.265s] [35m[1mConsolidate compiler generated dependencies of target beginner_tutorials__rosidl_typesupport_fastrtps_cpp[0m
[0.278s] [35m[1mConsolidate compiler generated dependencies of target beginner_tutorials__rosidl_typesupport_fastrtps_c[0m
[0.278s] [35m[1mConsolidate compiler generated dependencies of target beginner_tutorials__rosidl_typesupport_introspection_c[0m
[0.280s] [35m[1mConsolidate compiler generated dependencies of target beginner_tutorials__rosidl_typesupport_c[0m
[0.288s] [35m[1mConsolidate compiler generated dependencies of target beginner_tutorials__rosidl_typesupport_introspection_cpp[0m
[0.288s] [ 24%] Built target beginner_tutorials__rosidl_typesupport_cpp
[0.304s] [ 32%] Built target beginner_tutorials__rosidl_typesupport_fastrtps_c
[0.306s] [ 40%] Built target beginner_tutorials__rosidl_typesupport_fastrtps_cpp
[0.308s] [ 48%] Built target beginner_tutorials__rosidl_typesupport_c
[0.316s] [ 56%] Built target beginner_tutorials__rosidl_typesupport_introspection_cpp
[0.319s] [ 64%] Built target beginner_tutorials__rosidl_typesupport_introspection_c
[0.358s] [ 64%] Built target beginner_tutorials
[0.384s] [35m[1mConsolidate compiler generated dependencies of target talker[0m
[0.388s] [35m[1mConsolidate compiler generated dependencies of target server_client[0m
[0.402s] [ 67%] Built target beginner_tutorials__py
[0.422s] [ 70%] [32mBuilding CXX object CMakeFiles/talker.dir/src/publisher.cpp.o[0m
[0.425s] [ 75%] Built target server_client
[0.426s] [35m[1mConsolidate compiler generated dependencies of target beginner_tutorials__rosidl_generator_py[0m
[0.453s] [ 81%] Built target beginner_tutorials__rosidl_generator_py
[0.476s] [35m[1mConsolidate compiler generated dependencies of target beginner_tutorials__rosidl_typesupport_introspection_c__pyext[0m
[0.478s] [35m[1mConsolidate compiler generated dependencies of target beginner_tutorials__rosidl_typesupport_c__pyext[0m
[0.478s] [35m[1mConsolidate compiler generated dependencies of target beginner_tutorials__rosidl_typesupport_fastrtps_c__pyext[0m
[0.504s] [ 86%] Built target beginner_tutorials__rosidl_typesupport_introspection_c__pyext
[0.505s] [ 91%] Built target beginner_tutorials__rosidl_typesupport_fastrtps_c__pyext
[0.511s] [ 97%] Built target beginner_tutorials__rosidl_typesupport_c__pyext
[0.618s] [01m[K/home/sas/ros2_ws/beginner_tutorials/src/publisher.cpp:12:10:[m[K [01;31m[Kfatal error: [m[Kgeometry_msgs/msg/transform_stamped.hpp: No such file or directory
[0.618s]    12 | #include [01;31m[K"geometry_msgs/msg/transform_stamped.hpp"[m[K
[0.618s]       |          [01;31m[K^~~~~~~~~~~~~~~~~~~~~~~~~~~~~~~~~~~~~~~~~[m[K
[0.618s] compilation terminated.
[0.621s] gmake[2]: *** [CMakeFiles/talker.dir/build.make:76: CMakeFiles/talker.dir/src/publisher.cpp.o] Error 1
[0.622s] gmake[1]: *** [CMakeFiles/Makefile2:598: CMakeFiles/talker.dir/all] Error 2
[0.622s] gmake[1]: *** Waiting for unfinished jobs....
[0.786s] running egg_info
[0.787s] writing beginner_tutorials.egg-info/PKG-INFO
[0.788s] writing dependency_links to beginner_tutorials.egg-info/dependency_links.txt
[0.788s] writing top-level names to beginner_tutorials.egg-info/top_level.txt
[0.796s] reading manifest file 'beginner_tutorials.egg-info/SOURCES.txt'
[0.796s] writing manifest file 'beginner_tutorials.egg-info/SOURCES.txt'
[0.847s] [ 97%] Built target ament_cmake_python_build_beginner_tutorials_egg
[0.849s] gmake: *** [Makefile:146: all] Error 2
[0.856s] Invoked command in '/home/sas/ros2_ws/beginner_tutorials/build/beginner_tutorials' returned '2': CMAKE_PREFIX_PATH=/opt/ros/humble /usr/bin/cmake --build /home/sas/ros2_ws/beginner_tutorials/build/beginner_tutorials -- -j8 -l8
