[0.107s] Invoking command in '/home/sas/ros2_ws/beginner_tutorials/build/beginner_tutorials': CMAKE_PREFIX_PATH=/opt/ros/humble /usr/bin/cmake --build /home/sas/ros2_ws/beginner_tutorials/build/beginner_tutorials -- -j8 -l8
[0.211s] [  8%] Built target beginner_tutorials__rosidl_generator_c
[0.224s] [ 13%] Built target listener
[0.233s] [ 13%] Built target ament_cmake_python_copy_beginner_tutorials
[0.239s] [ 16%] Built target beginner_tutorials__cpp
[0.415s] [ 24%] Built target beginner_tutorials__rosidl_typesupport_c
[0.421s] [ 32%] Built target beginner_tutorials__rosidl_typesupport_introspection_c
[0.428s] [ 40%] Built target beginner_tutorials__rosidl_typesupport_fastrtps_c
[0.445s] [ 48%] Built target beginner_tutorials__rosidl_typesupport_fastrtps_cpp
[0.450s] [ 56%] Built target beginner_tutorials__rosidl_typesupport_cpp
[0.473s] [ 64%] Built target beginner_tutorials__rosidl_typesupport_introspection_cpp
[0.513s] [ 64%] Built target beginner_tutorials
[0.622s] [ 67%] Built target beginner_tutorials__py
[0.623s] [ 72%] Built target server_client
[0.641s] [ 75%] [32mBuilding CXX object CMakeFiles/talker.dir/src/publisher.cpp.o[0m
[0.737s] [ 81%] Built target beginner_tutorials__rosidl_generator_py
[0.922s] [ 86%] Built target beginner_tutorials__rosidl_typesupport_introspection_c__pyext
[0.925s] [ 91%] Built target beginner_tutorials__rosidl_typesupport_c__pyext
[0.938s] [ 97%] Built target beginner_tutorials__rosidl_typesupport_fastrtps_c__pyext
[1.091s] running egg_info
[1.092s] writing beginner_tutorials.egg-info/PKG-INFO
[1.093s] writing dependency_links to beginner_tutorials.egg-info/dependency_links.txt
[1.093s] writing top-level names to beginner_tutorials.egg-info/top_level.txt
[1.098s] reading manifest file 'beginner_tutorials.egg-info/SOURCES.txt'
[1.100s] writing manifest file 'beginner_tutorials.egg-info/SOURCES.txt'
[1.151s] [ 97%] Built target ament_cmake_python_build_beginner_tutorials_egg
[5.355s] [01m[K/home/sas/ros2_ws/beginner_tutorials/src/publisher.cpp:138:19:[m[K [01;31m[Kerror: [m[Kâ€˜[01m[Ktf2_ros[m[Kâ€™ was not declared in this scope
[5.355s]   138 |   std::shared_ptr<[01;31m[Ktf2_ros[m[K::StaticTransformBroadcaster> tf_static_broadcaster_;
[5.355s]       |                   [01;31m[K^~~~~~~[m[K
[5.355s] [01m[K/home/sas/ros2_ws/beginner_tutorials/src/publisher.cpp:138:54:[m[K [01;31m[Kerror: [m[Ktemplate argument 1 is invalid
[5.355s]   138 |   std::shared_ptr<tf2_ros::StaticTransformBroadcaster[01;31m[K>[m[K tf_static_broadcaster_;
[5.355s]       |                                                      [01;31m[K^[m[K
[5.413s] [01m[K/home/sas/ros2_ws/beginner_tutorials/src/publisher.cpp:[m[K In constructor â€˜[01m[KPublisher::Publisher(char**)[m[Kâ€™:
[5.413s] [01m[K/home/sas/ros2_ws/beginner_tutorials/src/publisher.cpp:59:28:[m[K [01;31m[Kerror: [m[Kâ€˜[01m[Ktf2_ros[m[Kâ€™ was not declared in this scope
[5.413s]    59 |           std::make_shared<[01;31m[Ktf2_ros[m[K::StaticTransformBroadcaster>(this);
[5.413s]       |                            [01;31m[K^~~~~~~[m[K
[5.413s] [01m[K/home/sas/ros2_ws/beginner_tutorials/src/publisher.cpp:59:16:[m[K [01;31m[Kerror: [m[Kparse error in template argument list
[5.413s]    59 |           std::[01;31m[Kmake_shared<tf2_ros::StaticTransformBroadcaster>[m[K(this);
[5.414s]       |                [01;31m[K^~~~~~~~~~~~~~~~~~~~~~~~~~~~~~~~~~~~~~~~~~~~~~~~[m[K
[5.419s] [01m[K/home/sas/ros2_ws/beginner_tutorials/src/publisher.cpp:59:64:[m[K [01;31m[Kerror: [m[Kno matching function for call to â€˜[01m[Kmake_shared<<expression error> >(Publisher*)[m[Kâ€™
[5.420s]    59 |           [01;31m[Kstd::make_shared<tf2_ros::StaticTransformBroadcaster>(this)[m[K;
[5.420s]       |           [01;31m[K~~~~~~~~~~~~~~~~~~~~~~~~~~~~~~~~~~~~~~~~~~~~~~~~~~~~~^~~~~~[m[K
[5.421s] In file included from [01m[K/usr/include/c++/11/memory:77[m[K,
[5.421s]                  from [01m[K/home/sas/ros2_ws/beginner_tutorials/src/publisher.cpp:8[m[K:
[5.421s] [01m[K/usr/include/c++/11/bits/shared_ptr.h:875:5:[m[K [01;36m[Knote: [m[Kcandidate: â€˜[01m[Ktemplate<class _Tp, class ... _Args> std::shared_ptr<_Tp> std::make_shared(_Args&& ...)[m[Kâ€™
[5.421s]   875 |     [01;36m[Kmake_shared[m[K(_Args&&... __args)
[5.421s]       |     [01;36m[K^~~~~~~~~~~[m[K
[5.422s] [01m[K/usr/include/c++/11/bits/shared_ptr.h:875:5:[m[K [01;36m[Knote: [m[K  template argument deduction/substitution failed:
[5.422s] [01m[K/home/sas/ros2_ws/beginner_tutorials/src/publisher.cpp:59:64:[m[K [01;31m[Kerror: [m[Ktemplate argument 1 is invalid
[5.422s]    59 |           [01;31m[Kstd::make_shared<tf2_ros::StaticTransformBroadcaster>(this)[m[K;
[5.422s]       |           [01;31m[K~~~~~~~~~~~~~~~~~~~~~~~~~~~~~~~~~~~~~~~~~~~~~~~~~~~~~^~~~~~[m[K
[5.443s] [01m[K/home/sas/ros2_ws/beginner_tutorials/src/publisher.cpp:[m[K In member function â€˜[01m[Kvoid Publisher::make_transforms(char**)[m[Kâ€™:
[5.443s] [01m[K/home/sas/ros2_ws/beginner_tutorials/src/publisher.cpp:115:5:[m[K [01;31m[Kerror: [m[Kâ€˜[01m[Kgeometry_msgs[m[Kâ€™ has not been declared
[5.443s]   115 |     [01;31m[Kgeometry_msgs[m[K::msg::TransformStamped t;
[5.443s]       |     [01;31m[K^~~~~~~~~~~~~[m[K
[5.453s] [01m[K/home/sas/ros2_ws/beginner_tutorials/src/publisher.cpp:117:5:[m[K [01;31m[Kerror: [m[Kâ€˜[01m[Kt[m[Kâ€™ was not declared in this scope; did you mean â€˜[01m[Ktm[m[Kâ€™?
[5.453s]   117 |     [01;31m[Kt[m[K.header.stamp = this->get_clock()->now();
[5.453s]       |     [01;31m[K^[m[K
[5.453s]       |     [32m[Ktm[m[K
[5.455s] [01m[K/home/sas/ros2_ws/beginner_tutorials/src/publisher.cpp:124:5:[m[K [01;31m[Kerror: [m[Kâ€˜[01m[Ktf2[m[Kâ€™ has not been declared
[5.455s]   124 |     [01;31m[Ktf2[m[K::Quaternion q;
[5.456s]       |     [01;31m[K^~~[m[K
[5.461s] [01m[K/home/sas/ros2_ws/beginner_tutorials/src/publisher.cpp:125:5:[m[K [01;31m[Kerror: [m[Kâ€˜[01m[Kq[m[Kâ€™ was not declared in this scope
[5.462s]   125 |     [01;31m[Kq[m[K.setRPY(atof(transformation[5]), atof(transformation[6]),
[5.462s]       |     [01;31m[K^[m[K
[5.462s] [01m[K/home/sas/ros2_ws/beginner_tutorials/src/publisher.cpp:132:27:[m[K [01;31m[Kerror: [m[Kbase operand of â€˜[01m[K->[m[Kâ€™ is not a pointer
[5.462s]   132 |     tf_static_broadcaster_[01;31m[K->[m[KsendTransform(t);
[5.462s]       |                           [01;31m[K^~[m[K
[7.467s] gmake[2]: *** [CMakeFiles/talker.dir/build.make:76: CMakeFiles/talker.dir/src/publisher.cpp.o] Error 1
[7.468s] gmake[1]: *** [CMakeFiles/Makefile2:598: CMakeFiles/talker.dir/all] Error 2
[7.468s] gmake: *** [Makefile:146: all] Error 2
[7.471s] Invoked command in '/home/sas/ros2_ws/beginner_tutorials/build/beginner_tutorials' returned '2': CMAKE_PREFIX_PATH=/opt/ros/humble /usr/bin/cmake --build /home/sas/ros2_ws/beginner_tutorials/build/beginner_tutorials -- -j8 -l8
