[0.175s] Invoking command in '/home/sas/ros2_ws/src/beginner_tutorials/build/beginner_tutorials': CMAKE_PREFIX_PATH=${CMAKE_PREFIX_PATH}:/opt/ros/humble /usr/bin/cmake --build /home/sas/ros2_ws/src/beginner_tutorials/build/beginner_tutorials -- -j8 -l8
[0.272s] [  8%] Built target beginner_tutorials__rosidl_generator_c
[0.274s] [ 10%] Built target beginner_tutorials__cpp
[0.283s] [ 16%] Built target listener
[0.338s] [ 16%] Built target ament_cmake_python_copy_beginner_tutorials
[0.439s] [ 24%] Built target beginner_tutorials__rosidl_typesupport_c
[0.447s] [ 37%] Built target beginner_tutorials__rosidl_typesupport_introspection_c
[0.452s] [ 40%] Built target beginner_tutorials__rosidl_typesupport_fastrtps_cpp
[0.453s] [ 48%] Built target beginner_tutorials__rosidl_typesupport_cpp
[0.466s] [ 56%] Built target beginner_tutorials__rosidl_typesupport_fastrtps_c
[0.466s] [ 64%] Built target beginner_tutorials__rosidl_typesupport_introspection_cpp
[0.509s] [ 64%] Built target beginner_tutorials
[0.549s] [35m[1mConsolidate compiler generated dependencies of target talker[0m
[0.693s] [ 70%] Built target server_client
[0.704s] [ 72%] Built target beginner_tutorials__py
[0.735s] [ 75%] [32mBuilding CXX object CMakeFiles/talker.dir/src/publisher.cpp.o[0m
[0.776s] [ 81%] Built target beginner_tutorials__rosidl_generator_py
[0.989s] [ 86%] Built target beginner_tutorials__rosidl_typesupport_fastrtps_c__pyext
[1.020s] [ 91%] Built target beginner_tutorials__rosidl_typesupport_introspection_c__pyext
[1.132s] [ 97%] Built target beginner_tutorials__rosidl_typesupport_c__pyext
[1.445s] running egg_info
[1.447s] writing beginner_tutorials.egg-info/PKG-INFO
[1.452s] writing dependency_links to beginner_tutorials.egg-info/dependency_links.txt
[1.453s] writing top-level names to beginner_tutorials.egg-info/top_level.txt
[1.461s] reading manifest file 'beginner_tutorials.egg-info/SOURCES.txt'
[1.461s] writing manifest file 'beginner_tutorials.egg-info/SOURCES.txt'
[1.512s] [ 97%] Built target ament_cmake_python_build_beginner_tutorials_egg
[5.537s] [01m[K/home/sas/ros2_ws/src/beginner_tutorials/src/publisher.cpp:[m[K In member function â€˜[01m[Kvoid Publisher::changeString(std::shared_ptr<beginner_tutorials::srv::ChangeString_Request_<std::allocator<void> > >, std::shared_ptr<beginner_tutorials::srv::ChangeString_Response_<std::allocator<void> > >)[m[Kâ€™:
[5.537s] [01m[K/home/sas/ros2_ws/src/beginner_tutorials/src/publisher.cpp:38:5:[m[K [01;31m[Kerror: [m[Kâ€˜[01m[Kserver_resp_message[m[Kâ€™ was not declared in this scope
[5.537s]    38 |     [01;31m[Kserver_resp_message[m[K = response->op;
[5.537s]       |     [01;31m[K^~~~~~~~~~~~~~~~~~~[m[K
[7.128s] gmake[2]: *** [CMakeFiles/talker.dir/build.make:76: CMakeFiles/talker.dir/src/publisher.cpp.o] Error 1
[7.129s] gmake[1]: *** [CMakeFiles/Makefile2:598: CMakeFiles/talker.dir/all] Error 2
[7.129s] gmake: *** [Makefile:146: all] Error 2
[7.135s] Invoked command in '/home/sas/ros2_ws/src/beginner_tutorials/build/beginner_tutorials' returned '2': CMAKE_PREFIX_PATH=${CMAKE_PREFIX_PATH}:/opt/ros/humble /usr/bin/cmake --build /home/sas/ros2_ws/src/beginner_tutorials/build/beginner_tutorials -- -j8 -l8
