[0.097s] Invoking command in '/home/sas/ros2_ws/beginner_tutorials/build/beginner_tutorials': CMAKE_PREFIX_PATH=/opt/ros/humble /usr/bin/cmake --build /home/sas/ros2_ws/beginner_tutorials/build/beginner_tutorials -- -j8 -l8
[0.209s] [  5%] Built target listener
[0.210s] [ 16%] Built target beginner_tutorials__rosidl_generator_c
[0.210s] [ 16%] Built target beginner_tutorials__cpp
[0.223s] [ 16%] Built target ament_cmake_python_copy_beginner_tutorials
[0.259s] [ 24%] Built target beginner_tutorials__rosidl_typesupport_introspection_c
[0.259s] [ 32%] Built target beginner_tutorials__rosidl_typesupport_introspection_cpp
[0.265s] [ 40%] Built target beginner_tutorials__rosidl_typesupport_c
[0.265s] [ 48%] Built target beginner_tutorials__rosidl_typesupport_fastrtps_c
[0.279s] [ 56%] Built target beginner_tutorials__rosidl_typesupport_cpp
[0.282s] [ 64%] Built target beginner_tutorials__rosidl_typesupport_fastrtps_cpp
[0.325s] [ 64%] Built target beginner_tutorials
[0.357s] [35m[1mConsolidate compiler generated dependencies of target talker[0m
[0.374s] [ 67%] Built target beginner_tutorials__py
[0.378s] [ 72%] Built target server_client
[0.393s] [ 75%] [32mBuilding CXX object CMakeFiles/talker.dir/src/publisher.cpp.o[0m
[0.420s] [ 81%] Built target beginner_tutorials__rosidl_generator_py
[0.460s] [ 86%] Built target beginner_tutorials__rosidl_typesupport_introspection_c__pyext
[0.466s] [ 91%] Built target beginner_tutorials__rosidl_typesupport_c__pyext
[0.477s] [ 97%] Built target beginner_tutorials__rosidl_typesupport_fastrtps_c__pyext
[0.719s] running egg_info
[0.721s] writing beginner_tutorials.egg-info/PKG-INFO
[0.722s] writing dependency_links to beginner_tutorials.egg-info/dependency_links.txt
[0.722s] writing top-level names to beginner_tutorials.egg-info/top_level.txt
[0.727s] reading manifest file 'beginner_tutorials.egg-info/SOURCES.txt'
[0.728s] writing manifest file 'beginner_tutorials.egg-info/SOURCES.txt'
[0.792s] [ 97%] Built target ament_cmake_python_build_beginner_tutorials_egg
[4.943s] [01m[K/home/sas/ros2_ws/beginner_tutorials/src/publisher.cpp:[m[K In constructor â€˜[01m[KPublisher::Publisher(char**)[m[Kâ€™:
[4.943s] [01m[K/home/sas/ros2_ws/beginner_tutorials/src/publisher.cpp:58:7:[m[K [01;31m[Kerror: [m[Kâ€˜[01m[Ktf_static_broadcaster_[m[Kâ€™ was not declared in this scope
[4.943s]    58 |       [01;31m[Ktf_static_broadcaster_[m[K =
[4.943s]       |       [01;31m[K^~~~~~~~~~~~~~~~~~~~~~[m[K
[4.957s] [01m[K/home/sas/ros2_ws/beginner_tutorials/src/publisher.cpp:59:28:[m[K [01;31m[Kerror: [m[Kâ€˜[01m[Ktf2_ros[m[Kâ€™ was not declared in this scope
[4.957s]    59 |           std::make_shared<[01;31m[Ktf2_ros[m[K::StaticTransformBroadcaster>(this);
[4.957s]       |                            [01;31m[K^~~~~~~[m[K
[4.957s] [01m[K/home/sas/ros2_ws/beginner_tutorials/src/publisher.cpp:59:16:[m[K [01;31m[Kerror: [m[Kparse error in template argument list
[4.957s]    59 |           std::[01;31m[Kmake_shared<tf2_ros::StaticTransformBroadcaster>[m[K(this);
[4.957s]       |                [01;31m[K^~~~~~~~~~~~~~~~~~~~~~~~~~~~~~~~~~~~~~~~~~~~~~~~[m[K
[4.957s] [01m[K/home/sas/ros2_ws/beginner_tutorials/src/publisher.cpp:59:64:[m[K [01;31m[Kerror: [m[Kno matching function for call to â€˜[01m[Kmake_shared<<expression error> >(Publisher*)[m[Kâ€™
[4.958s]    59 |           [01;31m[Kstd::make_shared<tf2_ros::StaticTransformBroadcaster>(this)[m[K;
[4.958s]       |           [01;31m[K~~~~~~~~~~~~~~~~~~~~~~~~~~~~~~~~~~~~~~~~~~~~~~~~~~~~~^~~~~~[m[K
[4.958s] In file included from [01m[K/usr/include/c++/11/memory:77[m[K,
[4.958s]                  from [01m[K/home/sas/ros2_ws/beginner_tutorials/src/publisher.cpp:8[m[K:
[4.958s] [01m[K/usr/include/c++/11/bits/shared_ptr.h:875:5:[m[K [01;36m[Knote: [m[Kcandidate: â€˜[01m[Ktemplate<class _Tp, class ... _Args> std::shared_ptr<_Tp> std::make_shared(_Args&& ...)[m[Kâ€™
[4.958s]   875 |     [01;36m[Kmake_shared[m[K(_Args&&... __args)
[4.958s]       |     [01;36m[K^~~~~~~~~~~[m[K
[4.958s] [01m[K/usr/include/c++/11/bits/shared_ptr.h:875:5:[m[K [01;36m[Knote: [m[K  template argument deduction/substitution failed:
[4.958s] [01m[K/home/sas/ros2_ws/beginner_tutorials/src/publisher.cpp:59:64:[m[K [01;31m[Kerror: [m[Ktemplate argument 1 is invalid
[4.958s]    59 |           [01;31m[Kstd::make_shared<tf2_ros::StaticTransformBroadcaster>(this)[m[K;
[4.958s]       |           [01;31m[K~~~~~~~~~~~~~~~~~~~~~~~~~~~~~~~~~~~~~~~~~~~~~~~~~~~~~^~~~~~[m[K
[4.976s] [01m[K/home/sas/ros2_ws/beginner_tutorials/src/publisher.cpp:[m[K In member function â€˜[01m[Kvoid Publisher::make_transforms(char**)[m[Kâ€™:
[4.976s] [01m[K/home/sas/ros2_ws/beginner_tutorials/src/publisher.cpp:115:5:[m[K [01;31m[Kerror: [m[Kâ€˜[01m[Kgeometry_msgs[m[Kâ€™ has not been declared
[4.976s]   115 |     [01;31m[Kgeometry_msgs[m[K::msg::TransformStamped t;
[4.976s]       |     [01;31m[K^~~~~~~~~~~~~[m[K
[4.984s] [01m[K/home/sas/ros2_ws/beginner_tutorials/src/publisher.cpp:117:5:[m[K [01;31m[Kerror: [m[Kâ€˜[01m[Kt[m[Kâ€™ was not declared in this scope; did you mean â€˜[01m[Ktm[m[Kâ€™?
[4.984s]   117 |     [01;31m[Kt[m[K.header.stamp = this->get_clock()->now();
[4.984s]       |     [01;31m[K^[m[K
[4.984s]       |     [32m[Ktm[m[K
[4.992s] [01m[K/home/sas/ros2_ws/beginner_tutorials/src/publisher.cpp:125:5:[m[K [01;31m[Kerror: [m[Kâ€˜[01m[Kq[m[Kâ€™ was not declared in this scope
[4.992s]   125 |     [01;31m[Kq[m[K.setRPY(atof(transformation[5]), atof(transformation[6]),
[4.992s]       |     [01;31m[K^[m[K
[5.015s] [01m[K/home/sas/ros2_ws/beginner_tutorials/src/publisher.cpp:132:5:[m[K [01;31m[Kerror: [m[Kâ€˜[01m[Ktf_static_broadcaster_[m[Kâ€™ was not declared in this scope
[5.016s]   132 |     [01;31m[Ktf_static_broadcaster_[m[K->sendTransform(t);
[5.016s]       |     [01;31m[K^~~~~~~~~~~~~~~~~~~~~~[m[K
[6.897s] gmake[2]: *** [CMakeFiles/talker.dir/build.make:76: CMakeFiles/talker.dir/src/publisher.cpp.o] Error 1
[6.898s] gmake[1]: *** [CMakeFiles/Makefile2:598: CMakeFiles/talker.dir/all] Error 2
[6.899s] gmake: *** [Makefile:146: all] Error 2
[6.902s] Invoked command in '/home/sas/ros2_ws/beginner_tutorials/build/beginner_tutorials' returned '2': CMAKE_PREFIX_PATH=/opt/ros/humble /usr/bin/cmake --build /home/sas/ros2_ws/beginner_tutorials/build/beginner_tutorials -- -j8 -l8
