[0.155s] Invoking command in '/home/sas/ros2_ws/src/beginner_tutorials/build/beginner_tutorials': CMAKE_PREFIX_PATH=${CMAKE_PREFIX_PATH}:/opt/ros/humble /usr/bin/cmake --build /home/sas/ros2_ws/src/beginner_tutorials/build/beginner_tutorials -- -j8 -l8
[0.252s] [35m[1mConsolidate compiler generated dependencies of target listener[0m
[0.267s] [  2%] Built target beginner_tutorials__cpp
[0.275s] [ 10%] Built target beginner_tutorials__rosidl_generator_c
[0.293s] [ 16%] Built target listener
[0.311s] [ 16%] Built target ament_cmake_python_copy_beginner_tutorials
[0.313s] [ 24%] Built target beginner_tutorials__rosidl_typesupport_fastrtps_cpp
[0.315s] [ 32%] Built target beginner_tutorials__rosidl_typesupport_cpp
[0.321s] [ 40%] Built target beginner_tutorials__rosidl_typesupport_introspection_cpp
[0.332s] [ 48%] Built target beginner_tutorials__rosidl_typesupport_introspection_c
[0.334s] [ 56%] Built target beginner_tutorials__rosidl_typesupport_c
[0.336s] [ 64%] Built target beginner_tutorials__rosidl_typesupport_fastrtps_c
[0.375s] [ 64%] Built target beginner_tutorials
[0.400s] [35m[1mConsolidate compiler generated dependencies of target talker[0m
[0.412s] [ 67%] Built target beginner_tutorials__py
[0.423s] [ 72%] Built target server_client
[0.445s] [ 75%] [32mBuilding CXX object CMakeFiles/talker.dir/src/publisher.cpp.o[0m
[0.457s] [ 81%] Built target beginner_tutorials__rosidl_generator_py
[0.498s] [ 86%] Built target beginner_tutorials__rosidl_typesupport_fastrtps_c__pyext
[0.499s] [ 91%] Built target beginner_tutorials__rosidl_typesupport_c__pyext
[0.500s] [ 97%] Built target beginner_tutorials__rosidl_typesupport_introspection_c__pyext
[1.033s] running egg_info
[1.033s] writing beginner_tutorials.egg-info/PKG-INFO
[1.033s] writing dependency_links to beginner_tutorials.egg-info/dependency_links.txt
[1.033s] writing top-level names to beginner_tutorials.egg-info/top_level.txt
[1.033s] reading manifest file 'beginner_tutorials.egg-info/SOURCES.txt'
[1.033s] writing manifest file 'beginner_tutorials.egg-info/SOURCES.txt'
[1.038s] [01m[K/home/sas/ros2_ws/src/beginner_tutorials/src/publisher.cpp:56:47:[m[K [01;35m[Kwarning: [m[Kmissing terminating " character
[1.039s]    56 |       RCLCPP_ERROR_STREAM(this->get_logger(), [01;35m[K"[m[KError encountered at time of
[1.041s]       |                                               [01;35m[K^[m[K
[1.041s] [01m[K/home/sas/ros2_ws/src/beginner_tutorials/src/publisher.cpp:58:21:[m[K [01;35m[Kwarning: [m[Kmissing terminating " character
[1.041s]    58 |       may not work!![01;35m[K"[m[K);
[1.046s]       |                     [01;35m[K^[m[K
[1.046s] [01m[K/home/sas/ros2_ws/src/beginner_tutorials/src/publisher.cpp:113:2:[m[K [01;31m[Kerror: [m[Kunterminated argument list invoking macro "RCLCPP_ERROR_STREAM"
[1.046s]   113 | }
[1.046s]       |  [01;31m[K^[m[K
[1.113s] [ 97%] Built target ament_cmake_python_build_beginner_tutorials_egg
[5.128s] [01m[K/home/sas/ros2_ws/src/beginner_tutorials/src/publisher.cpp:56:26:[m[K [01;31m[Kerror: [m[Kexpected â€˜[01m[K}[m[Kâ€™ at end of input
[5.128s]    56 |       RCLCPP_ERROR_STREAM[01;31m[K([m[Kthis->get_logger(), "Error encountered at time of
[5.128s]       |                          [01;31m[K^[m[K
[5.131s] [01m[K/home/sas/ros2_ws/src/beginner_tutorials/src/publisher.cpp:30:39:[m[K [01;36m[Knote: [m[Kto match this â€˜[01m[K{[m[Kâ€™
[5.131s]    30 | class Publisher : public rclcpp::Node [01;36m[K{[m[K
[5.131s]       |                                       [01;36m[K^[m[K
[5.131s] [01m[K/home/sas/ros2_ws/src/beginner_tutorials/src/publisher.cpp:[m[K In constructor â€˜[01m[KPublisher::Publisher()[m[Kâ€™:
[5.132s] [01m[K/home/sas/ros2_ws/src/beginner_tutorials/src/publisher.cpp:32:36:[m[K [01;31m[Kerror: [m[Kclass â€˜[01m[KPublisher[m[Kâ€™ does not have any field named â€˜[01m[Kcount_[m[Kâ€™
[5.132s]    32 |   Publisher() : Node("publisher"), [01;31m[Kcount_[m[K(0) {
[5.132s]       |                                    [01;31m[K^~~~~~[m[K
[5.146s] [01m[K/home/sas/ros2_ws/src/beginner_tutorials/src/publisher.cpp:34:7:[m[K [01;31m[Kerror: [m[Kâ€˜[01m[Kpublisher_[m[Kâ€™ was not declared in this scope; did you mean â€˜[01m[KPublisher[m[Kâ€™?
[5.146s]    34 |       [01;31m[Kpublisher_[m[K = this->create_publisher<std_msgs::msg::String>("chatter", 10);
[5.146s]       |       [01;31m[K^~~~~~~~~~[m[K
[5.146s]       |       [32m[KPublisher[m[K
[5.170s] [01m[K/home/sas/ros2_ws/src/beginner_tutorials/src/publisher.cpp:45:7:[m[K [01;31m[Kerror: [m[Kâ€˜[01m[Ktimer_[m[Kâ€™ was not declared in this scope; did you mean â€˜[01m[Ktimer_t[m[Kâ€™?
[5.170s]    45 |       [01;31m[Ktimer_[m[K = this->create_wall_timer(
[5.170s]       |       [01;31m[K^~~~~~[m[K
[5.170s]       |       [32m[Ktimer_t[m[K
[5.171s] [01m[K/home/sas/ros2_ws/src/beginner_tutorials/src/publisher.cpp:47:33:[m[K [01;31m[Kerror: [m[Kâ€˜[01m[Ktimer_callback[m[Kâ€™ is not a member of â€˜[01m[KPublisher[m[Kâ€™
[5.171s]    47 |           std::bind(&Publisher::[01;31m[Ktimer_callback[m[K, this));
[5.171s]       |                                 [01;31m[K^~~~~~~~~~~~~~[m[K
[5.181s] [01m[K/home/sas/ros2_ws/src/beginner_tutorials/src/publisher.cpp:49:7:[m[K [01;31m[Kerror: [m[Kâ€˜[01m[Kserver[m[Kâ€™ was not declared in this scope
[5.181s]    49 |       [01;31m[Kserver[m[K = this->create_service<beginner_tutorials::srv::ChangeString>(
[5.181s]       |       [01;31m[K^~~~~~[m[K
[5.181s] [01m[K/home/sas/ros2_ws/src/beginner_tutorials/src/publisher.cpp:51:33:[m[K [01;31m[Kerror: [m[Kâ€˜[01m[KchangeString[m[Kâ€™ is not a member of â€˜[01m[KPublisher[m[Kâ€™
[5.181s]    51 |           std::bind(&Publisher::[01;31m[KchangeString[m[K, this, std::placeholders::_1,
[5.182s]       |                                 [01;31m[K^~~~~~~~~~~~[m[K
[5.203s] [01m[K/home/sas/ros2_ws/src/beginner_tutorials/src/publisher.cpp:56:7:[m[K [01;31m[Kerror: [m[Kâ€˜[01m[KRCLCPP_ERROR_STREAM[m[Kâ€™ was not declared in this scope
[5.203s]    56 |       [01;31m[KRCLCPP_ERROR_STREAM[m[K(this->get_logger(), "Error encountered at time of
[5.203s]       |       [01;31m[K^~~~~~~~~~~~~~~~~~~[m[K
[5.203s] [01m[K/home/sas/ros2_ws/src/beginner_tutorials/src/publisher.cpp:56:26:[m[K [01;31m[Kerror: [m[Kexpected â€˜[01m[K}[m[Kâ€™ at end of input
[5.203s]    56 |       RCLCPP_ERROR_STREAM[01;31m[K([m[Kthis->get_logger(), "Error encountered at time of
[5.203s]       |                          [01;31m[K^[m[K
[5.203s] [01m[K/home/sas/ros2_ws/src/beginner_tutorials/src/publisher.cpp:55:19:[m[K [01;36m[Knote: [m[Kto match this â€˜[01m[K{[m[Kâ€™
[5.203s]    55 |     } catch (...) [01;36m[K{[m[K
[5.204s]       |                   [01;36m[K^[m[K
[5.204s] [01m[K/home/sas/ros2_ws/src/beginner_tutorials/src/publisher.cpp:56:26:[m[K [01;31m[Kerror: [m[Kexpected â€˜[01m[K}[m[Kâ€™ at end of input
[5.204s]    56 |       RCLCPP_ERROR_STREAM[01;31m[K([m[Kthis->get_logger(), "Error encountered at time of
[5.204s]       |                          [01;31m[K^[m[K
[5.204s] [01m[K/home/sas/ros2_ws/src/beginner_tutorials/src/publisher.cpp:32:46:[m[K [01;36m[Knote: [m[Kto match this â€˜[01m[K{[m[Kâ€™
[5.204s]    32 |   Publisher() : Node("publisher"), count_(0) [01;36m[K{[m[K
[5.204s]       |                                              [01;36m[K^[m[K
[5.205s] [01m[K/home/sas/ros2_ws/src/beginner_tutorials/src/publisher.cpp:[m[K At global scope:
[5.205s] [01m[K/home/sas/ros2_ws/src/beginner_tutorials/src/publisher.cpp:56:26:[m[K [01;31m[Kerror: [m[Kexpected unqualified-id at end of input
[5.205s]    56 |       RCLCPP_ERROR_STREAM[01;31m[K([m[Kthis->get_logger(), "Error encountered at time of
[5.205s]       |                          [01;31m[K^[m[K
[6.484s] gmake[2]: *** [CMakeFiles/talker.dir/build.make:76: CMakeFiles/talker.dir/src/publisher.cpp.o] Error 1
[6.509s] gmake[1]: *** [CMakeFiles/Makefile2:598: CMakeFiles/talker.dir/all] Error 2
[6.509s] gmake: *** [Makefile:146: all] Error 2
[6.509s] Invoked command in '/home/sas/ros2_ws/src/beginner_tutorials/build/beginner_tutorials' returned '2': CMAKE_PREFIX_PATH=${CMAKE_PREFIX_PATH}:/opt/ros/humble /usr/bin/cmake --build /home/sas/ros2_ws/src/beginner_tutorials/build/beginner_tutorials -- -j8 -l8
