[0.126s] Invoking command in '/home/sas/ros2_ws/src/beginner_tutorials/build/beginner_tutorials': CMAKE_PREFIX_PATH=${CMAKE_PREFIX_PATH}:/opt/ros/humble /usr/bin/cmake --build /home/sas/ros2_ws/src/beginner_tutorials/build/beginner_tutorials -- -j8 -l8
[0.223s] [35m[1mConsolidate compiler generated dependencies of target listener[0m
[0.229s] [  8%] Built target beginner_tutorials__rosidl_generator_c
[0.240s] [ 10%] Built target beginner_tutorials__cpp
[0.251s] [ 13%] [32mBuilding CXX object CMakeFiles/listener.dir/src/subscriber.cpp.o[0m
[0.252s] [35m[1mConsolidate compiler generated dependencies of target beginner_tutorials__rosidl_typesupport_fastrtps_c[0m
[0.267s] [ 13%] Built target ament_cmake_python_copy_beginner_tutorials
[0.267s] [35m[1mConsolidate compiler generated dependencies of target beginner_tutorials__rosidl_typesupport_c[0m
[0.267s] [35m[1mConsolidate compiler generated dependencies of target beginner_tutorials__rosidl_typesupport_cpp[0m
[0.267s] [35m[1mConsolidate compiler generated dependencies of target beginner_tutorials__rosidl_typesupport_fastrtps_cpp[0m
[0.279s] [35m[1mConsolidate compiler generated dependencies of target beginner_tutorials__rosidl_typesupport_introspection_c[0m
[0.287s] [35m[1mConsolidate compiler generated dependencies of target beginner_tutorials__rosidl_typesupport_introspection_cpp[0m
[0.292s] [ 21%] Built target beginner_tutorials__rosidl_typesupport_c
[0.300s] [ 29%] Built target beginner_tutorials__rosidl_typesupport_cpp
[0.310s] [ 37%] Built target beginner_tutorials__rosidl_typesupport_introspection_c
[0.316s] [ 45%] Built target beginner_tutorials__rosidl_typesupport_fastrtps_cpp
[0.316s] [ 54%] Built target beginner_tutorials__rosidl_typesupport_introspection_cpp
[0.318s] [ 62%] Built target beginner_tutorials__rosidl_typesupport_fastrtps_c
[0.361s] [ 62%] Built target beginner_tutorials
[0.389s] [35m[1mConsolidate compiler generated dependencies of target server_client[0m
[0.396s] [35m[1mConsolidate compiler generated dependencies of target talker[0m
[0.409s] [ 64%] Built target beginner_tutorials__py
[0.429s] [ 70%] Built target server_client
[0.429s] [35m[1mConsolidate compiler generated dependencies of target beginner_tutorials__rosidl_generator_py[0m
[0.443s] [ 75%] Built target talker
[0.458s] [ 81%] Built target beginner_tutorials__rosidl_generator_py
[0.480s] [35m[1mConsolidate compiler generated dependencies of target beginner_tutorials__rosidl_typesupport_fastrtps_c__pyext[0m
[0.483s] [35m[1mConsolidate compiler generated dependencies of target beginner_tutorials__rosidl_typesupport_c__pyext[0m
[0.484s] [35m[1mConsolidate compiler generated dependencies of target beginner_tutorials__rosidl_typesupport_introspection_c__pyext[0m
[0.496s] [ 86%] Built target beginner_tutorials__rosidl_typesupport_fastrtps_c__pyext
[0.511s] [ 91%] Built target beginner_tutorials__rosidl_typesupport_introspection_c__pyext
[0.515s] [ 97%] Built target beginner_tutorials__rosidl_typesupport_c__pyext
[0.927s] running egg_info
[0.928s] writing beginner_tutorials.egg-info/PKG-INFO
[0.928s] writing dependency_links to beginner_tutorials.egg-info/dependency_links.txt
[0.930s] writing top-level names to beginner_tutorials.egg-info/top_level.txt
[0.931s] reading manifest file 'beginner_tutorials.egg-info/SOURCES.txt'
[0.931s] writing manifest file 'beginner_tutorials.egg-info/SOURCES.txt'
[1.035s] [ 97%] Built target ament_cmake_python_build_beginner_tutorials_egg
[4.998s] [01m[K/home/sas/ros2_ws/src/beginner_tutorials/src/subscriber.cpp:38:18:[m[K [01;31m[Kerror: [m[Kâ€˜[01m[Kbeginner_tutorials[m[Kâ€™ was not declared in this scope
[4.998s]    38 |   rclcpp::Client<[01;31m[Kbeginner_tutorials[m[K::srv::ChangeString>::SharedPtr client;
[4.998s]       |                  [01;31m[K^~~~~~~~~~~~~~~~~~[m[K
[4.998s] [01m[K/home/sas/ros2_ws/src/beginner_tutorials/src/subscriber.cpp:38:55:[m[K [01;31m[Kerror: [m[Ktemplate argument 1 is invalid
[4.998s]    38 |   rclcpp::Client<beginner_tutorials::srv::ChangeString[01;31m[K>[m[K::SharedPtr client;
[4.998s]       |                                                       [01;31m[K^[m[K
[4.998s] [01m[K/home/sas/ros2_ws/src/beginner_tutorials/src/subscriber.cpp:38:58:[m[K [01;31m[Kerror: [m[Kexpected â€˜[01m[K;[m[Kâ€™ at end of member declaration
[4.998s]    38 |   rclcpp::Client<beginner_tutorials::srv::ChangeString>::[01;31m[KSharedPtr[m[K client;
[4.998s]       |                                                          [01;31m[K^~~~~~~~~[m[K
[4.998s]       |                                                                   [32m[K;[m[K
[5.000s] [01m[K/home/sas/ros2_ws/src/beginner_tutorials/src/subscriber.cpp:38:68:[m[K [01;31m[Kerror: [m[Kâ€˜[01m[Kclient[m[Kâ€™ does not name a type
[5.000s]    38 |   rclcpp::Client<beginner_tutorials::srv::ChangeString>::SharedPtr [01;31m[Kclient[m[K;
[5.000s]       |                                                                    [01;31m[K^~~~~~[m[K
[5.012s] [01m[K/home/sas/ros2_ws/src/beginner_tutorials/src/subscriber.cpp:[m[K In constructor â€˜[01m[KServerClient::ServerClient()[m[Kâ€™:
[5.013s] [01m[K/home/sas/ros2_ws/src/beginner_tutorials/src/subscriber.cpp:28:5:[m[K [01;31m[Kerror: [m[Kâ€˜[01m[Kclient[m[Kâ€™ was not declared in this scope
[5.013s]    28 |     [01;31m[Kclient[m[K = this->create_client<beginner_tutorials::srv::ChangeString>(
[5.013s]       |     [01;31m[K^~~~~~[m[K
[5.034s] [01m[K/home/sas/ros2_ws/src/beginner_tutorials/src/subscriber.cpp:28:34:[m[K [01;31m[Kerror: [m[Kâ€˜[01m[Kbeginner_tutorials[m[Kâ€™ was not declared in this scope
[5.035s]    28 |     client = this->create_client<[01;31m[Kbeginner_tutorials[m[K::srv::ChangeString>(
[5.035s]       |                                  [01;31m[K^~~~~~~~~~~~~~~~~~[m[K
[5.035s] [01m[K/home/sas/ros2_ws/src/beginner_tutorials/src/subscriber.cpp:28:20:[m[K [01;31m[Kerror: [m[Kparse error in template argument list
[5.035s]    28 |     client = this->[01;31m[Kcreate_client<beginner_tutorials::srv::ChangeString>[m[K(
[5.036s]       |                    [01;31m[K^~~~~~~~~~~~~~~~~~~~~~~~~~~~~~~~~~~~~~~~~~~~~~~~~~~~[m[K
[5.036s] [01m[K/home/sas/ros2_ws/src/beginner_tutorials/src/subscriber.cpp:28:72:[m[K [01;31m[Kerror: [m[Kno matching function for call to â€˜[01m[KServerClient::create_client<<expression error> >(const char [13])[m[Kâ€™
[5.036s]    28 |     client = [01;31m[Kthis->create_client<beginner_tutorials::srv::ChangeString>([m[K
[5.036s]       |              [01;31m[K~~~~~~~~~~~~~~~~~~~~~~~~~~~~~~~~~~~~~~~~~~~~~~~~~~~~~~~~~~^[m[K
[5.036s]    29 | [01;31m[K        "service_node")[m[K;
[5.036s]       |         [01;31m[K~~~~~~~~~~~~~~~[m[K                                                 
[5.036s] In file included from [01m[K/opt/ros/humble/include/rclcpp/rclcpp/executors/single_threaded_executor.hpp:28[m[K,
[5.036s]                  from [01m[K/opt/ros/humble/include/rclcpp/rclcpp/executors.hpp:22[m[K,
[5.036s]                  from [01m[K/opt/ros/humble/include/rclcpp/rclcpp/rclcpp.hpp:155[m[K,
[5.036s]                  from [01m[K/home/sas/ros2_ws/src/beginner_tutorials/src/subscriber.cpp:13[m[K:
[5.037s] [01m[K/opt/ros/humble/include/rclcpp/rclcpp/node.hpp:252:3:[m[K [01;36m[Knote: [m[Kcandidate: â€˜[01m[Ktemplate<class ServiceT> typename rclcpp::Client<ServiceT>::SharedPtr rclcpp::Node::create_client(const string&, const rmw_qos_profile_t&, rclcpp::CallbackGroup::SharedPtr)[m[Kâ€™
[5.037s]   252 |   [01;36m[Kcreate_client[m[K(
[5.037s]       |   [01;36m[K^~~~~~~~~~~~~[m[K
[5.037s] [01m[K/opt/ros/humble/include/rclcpp/rclcpp/node.hpp:252:3:[m[K [01;36m[Knote: [m[K  template argument deduction/substitution failed:
[5.037s] [01m[K/home/sas/ros2_ws/src/beginner_tutorials/src/subscriber.cpp:28:72:[m[K [01;31m[Kerror: [m[Ktemplate argument 1 is invalid
[5.037s]    28 |     client = [01;31m[Kthis->create_client<beginner_tutorials::srv::ChangeString>([m[K
[5.037s]       |              [01;31m[K~~~~~~~~~~~~~~~~~~~~~~~~~~~~~~~~~~~~~~~~~~~~~~~~~~~~~~~~~~^[m[K
[5.037s]    29 | [01;31m[K        "service_node")[m[K;
[5.037s]       |         [01;31m[K~~~~~~~~~~~~~~~[m[K                                                 
[5.055s] [01m[K/home/sas/ros2_ws/src/beginner_tutorials/src/subscriber.cpp:[m[K In member function â€˜[01m[Kauto ServerClient::getRequest(char**)[m[Kâ€™:
[5.055s] [01m[K/home/sas/ros2_ws/src/beginner_tutorials/src/subscriber.cpp:33:9:[m[K [01;31m[Kerror: [m[Kâ€˜[01m[Kbeginner_tutorials[m[Kâ€™ was not declared in this scope
[5.056s]    33 |         [01;31m[Kbeginner_tutorials[m[K::srv::ChangeString::Request>();  // CHANGE
[5.056s]       |         [01;31m[K^~~~~~~~~~~~~~~~~~[m[K
[5.056s] [01m[K/home/sas/ros2_ws/src/beginner_tutorials/src/subscriber.cpp:32:25:[m[K [01;31m[Kerror: [m[Kparse error in template argument list
[5.056s]    32 |     auto request = std::[01;31m[Kmake_shared<[m[K
[5.056s]       |                         [01;31m[K^~~~~~~~~~~~[m[K
[5.056s]    33 | [01;31m[K        beginner_tutorials::srv::ChangeString::Request>[m[K();  // CHANGE
[5.056s]       |         [01;31m[K~~~~~~~~~~~~~~~~~~~~~~~~~~~~~~~~~~~~~~~~~~~~~~~[m[K
[5.056s] [01m[K/home/sas/ros2_ws/src/beginner_tutorials/src/subscriber.cpp:33:56:[m[K [01;31m[Kerror: [m[Kno matching function for call to â€˜[01m[Kmake_shared<<expression error> >()[m[Kâ€™
[5.056s]    32 |     auto request = [01;31m[Kstd::make_shared<[m[K
[5.056s]       |                    [01;31m[K~~~~~~~~~~~~~~~~~[m[K                    
[5.056s]    33 | [01;31m[K        beginner_tutorials::srv::ChangeString::Request>()[m[K;  // CHANGE
[5.057s]       |         [01;31m[K~~~~~~~~~~~~~~~~~~~~~~~~~~~~~~~~~~~~~~~~~~~~~~~^~[m[K
[5.057s] In file included from [01m[K/usr/include/c++/11/memory:77[m[K,
[5.057s]                  from [01m[K/home/sas/ros2_ws/src/beginner_tutorials/src/subscriber.cpp:9[m[K:
[5.057s] [01m[K/usr/include/c++/11/bits/shared_ptr.h:875:5:[m[K [01;36m[Knote: [m[Kcandidate: â€˜[01m[Ktemplate<class _Tp, class ... _Args> std::shared_ptr<_Tp> std::make_shared(_Args&& ...)[m[Kâ€™
[5.057s]   875 |     [01;36m[Kmake_shared[m[K(_Args&&... __args)
[5.057s]       |     [01;36m[K^~~~~~~~~~~[m[K
[5.057s] [01m[K/usr/include/c++/11/bits/shared_ptr.h:875:5:[m[K [01;36m[Knote: [m[K  template argument deduction/substitution failed:
[5.057s] [01m[K/home/sas/ros2_ws/src/beginner_tutorials/src/subscriber.cpp:33:56:[m[K [01;31m[Kerror: [m[Ktemplate argument 1 is invalid
[5.057s]    32 |     auto request = [01;31m[Kstd::make_shared<[m[K
[5.057s]       |                    [01;31m[K~~~~~~~~~~~~~~~~~[m[K                    
[5.057s]    33 | [01;31m[K        beginner_tutorials::srv::ChangeString::Request>()[m[K;  // CHANGE
[5.057s]       |         [01;31m[K~~~~~~~~~~~~~~~~~~~~~~~~~~~~~~~~~~~~~~~~~~~~~~~^~[m[K
[5.060s] [01m[K/home/sas/ros2_ws/src/beginner_tutorials/src/subscriber.cpp:[m[K In function â€˜[01m[Kint main(int, char**)[m[Kâ€™:
[5.060s] [01m[K/home/sas/ros2_ws/src/beginner_tutorials/src/subscriber.cpp:45:20:[m[K [01;31m[Kerror: [m[Kâ€˜[01m[Kusing element_type = class ServerClient[m[Kâ€™ {aka â€˜[01m[Kclass ServerClient[m[Kâ€™} has no member named â€˜[01m[Kclient[m[Kâ€™
[5.061s]    45 |   while (!SClient->[01;31m[Kclient[m[K->wait_for_service(1s)) {
[5.061s]       |                    [01;31m[K^~~~~~[m[K
[5.063s] [01m[K/home/sas/ros2_ws/src/beginner_tutorials/src/subscriber.cpp:55:26:[m[K [01;31m[Kerror: [m[Kâ€˜[01m[Kusing element_type = class ServerClient[m[Kâ€™ {aka â€˜[01m[Kclass ServerClient[m[Kâ€™} has no member named â€˜[01m[Kclient[m[Kâ€™
[5.063s]    55 |   auto result = SClient->[01;31m[Kclient[m[K->async_send_request(request);
[5.063s]       |                          [01;31m[K^~~~~~[m[K
[5.930s] gmake[2]: *** [CMakeFiles/listener.dir/build.make:76: CMakeFiles/listener.dir/src/subscriber.cpp.o] Error 1
[5.933s] gmake[1]: *** [CMakeFiles/Makefile2:624: CMakeFiles/listener.dir/all] Error 2
[5.933s] gmake: *** [Makefile:146: all] Error 2
[5.937s] Invoked command in '/home/sas/ros2_ws/src/beginner_tutorials/build/beginner_tutorials' returned '2': CMAKE_PREFIX_PATH=${CMAKE_PREFIX_PATH}:/opt/ros/humble /usr/bin/cmake --build /home/sas/ros2_ws/src/beginner_tutorials/build/beginner_tutorials -- -j8 -l8
