[0.199s] Invoking command in '/home/sas/ros2_ws/beginner_tutorials/build/beginner_tutorials': CMAKE_PREFIX_PATH=${CMAKE_PREFIX_PATH}:/opt/ros/humble /usr/bin/cmake --build /home/sas/ros2_ws/beginner_tutorials/build/beginner_tutorials -- -j8 -l8
[0.403s] [  2%] Built target beginner_tutorials__cpp
[0.436s] [  4%] [32mBuilding CXX object CMakeFiles/listener.dir/src/subscriber.cpp.o[0m
[0.437s] [ 11%] Built target beginner_tutorials__rosidl_generator_c
[0.526s] [ 11%] Built target ament_cmake_python_copy_beginner_tutorials
[0.527s] [ 16%] Built target gtest_main
[0.795s] [ 23%] Built target beginner_tutorials__rosidl_typesupport_cpp
[0.796s] [ 27%] Built target gtest
[0.803s] [ 34%] Built target beginner_tutorials__rosidl_typesupport_fastrtps_cpp
[0.804s] [ 41%] Built target beginner_tutorials__rosidl_typesupport_fastrtps_c
[0.935s] [ 48%] Built target beginner_tutorials__rosidl_typesupport_introspection_c
[0.984s] [ 55%] Built target beginner_tutorials__rosidl_typesupport_c
[1.096s] [ 58%] [32mBuilding CXX object CMakeFiles/beginner_tutorials_test.dir/test/test.cpp.o[0m
[1.161s] [ 65%] Built target beginner_tutorials__rosidl_typesupport_introspection_cpp
[1.342s] [ 65%] Built target beginner_tutorials
[1.779s] [ 67%] [32mBuilding CXX object CMakeFiles/talker.dir/src/publisher.cpp.o[0m
[1.801s] [ 69%] Built target beginner_tutorials__py
[1.943s] [ 74%] Built target server_client
[2.280s] [ 79%] Built target beginner_tutorials__rosidl_generator_py
[2.280s] running egg_info
[2.280s] writing beginner_tutorials.egg-info/PKG-INFO
[2.320s] writing dependency_links to beginner_tutorials.egg-info/dependency_links.txt
[2.321s] writing top-level names to beginner_tutorials.egg-info/top_level.txt
[2.376s] [ 83%] Built target beginner_tutorials__rosidl_typesupport_fastrtps_c__pyext
[2.383s] reading manifest file 'beginner_tutorials.egg-info/SOURCES.txt'
[2.385s] writing manifest file 'beginner_tutorials.egg-info/SOURCES.txt'
[2.820s] [ 88%] Built target beginner_tutorials__rosidl_typesupport_c__pyext
[2.821s] [ 93%] Built target beginner_tutorials__rosidl_typesupport_introspection_c__pyext
[2.992s] [ 93%] Built target ament_cmake_python_build_beginner_tutorials_egg
[16.664s] [01m[K/home/sas/ros2_ws/beginner_tutorials/src/publisher.cpp:[m[K In function â€˜[01m[Kint main(int, char**)[m[Kâ€™:
[16.664s] [01m[K/home/sas/ros2_ws/beginner_tutorials/src/publisher.cpp:161:26:[m[K [01;35m[Kwarning: [m[Kunused parameter â€˜[01m[Kargv[m[Kâ€™ [[01;35m[K]8;;https://gcc.gnu.org/onlinedocs/gcc/Warning-Options.html#index-Wunused-parameter-Wunused-parameter]8;;[m[K]
[16.664s]   161 | int main(int argc, [01;35m[Kchar* argv[][m[K) {
[16.664s]       |                    [01;35m[K~~~~~~^~~~~~[m[K
[16.664s] [01m[K/home/sas/ros2_ws/beginner_tutorials/src/publisher.cpp:[m[K At global scope:
[16.665s] [01m[K/home/sas/ros2_ws/beginner_tutorials/src/publisher.cpp:177:44:[m[K [01;31m[Kerror: [m[Kâ€˜[01m[Kargv[m[Kâ€™ was not declared in this scope
[16.665s]   177 |   std::vector<std::string> transformations([01;31m[Kargv[m[K + 1, argv + argc);
[16.665s]       |                                            [01;31m[K^~~~[m[K
[16.712s] [01m[K/home/sas/ros2_ws/beginner_tutorials/src/publisher.cpp:177:54:[m[K [01;31m[Kerror: [m[Kâ€˜[01m[Kargv[m[Kâ€™ was not declared in this scope
[16.712s]   177 |   std::vector<std::string> transformations(argv + 1, [01;31m[Kargv[m[K + argc);
[16.712s]       |                                                      [01;31m[K^~~~[m[K
[16.713s] [01m[K/home/sas/ros2_ws/beginner_tutorials/src/publisher.cpp:177:61:[m[K [01;31m[Kerror: [m[Kâ€˜[01m[Kargc[m[Kâ€™ was not declared in this scope
[16.713s]   177 |   std::vector<std::string> transformations(argv + 1, argv + [01;31m[Kargc[m[K);
[16.713s]       |                                                             [01;31m[K^~~~[m[K
[16.713s] [01m[K/home/sas/ros2_ws/beginner_tutorials/src/publisher.cpp:178:15:[m[K [01;31m[Kerror: [m[Kexpected constructor, destructor, or type conversion before â€˜[01m[K([m[Kâ€™ token
[16.713s]   178 |   rclcpp::init[01;31m[K([m[Kargc, argv);
[16.713s]       |               [01;31m[K^[m[K
[16.755s] [01m[K/home/sas/ros2_ws/beginner_tutorials/src/publisher.cpp:181:15:[m[K [01;31m[Kerror: [m[Kexpected constructor, destructor, or type conversion before â€˜[01m[K([m[Kâ€™ token
[16.755s]   181 |   rclcpp::spin[01;31m[K([m[Knode);
[16.755s]       |               [01;31m[K^[m[K
[16.755s] [01m[K/home/sas/ros2_ws/beginner_tutorials/src/publisher.cpp:182:21:[m[K [01;31m[Kerror: [m[Kexpected constructor, destructor, or type conversion before â€˜[01m[K;[m[Kâ€™ token
[16.755s]   182 |   rclcpp::shutdown()[01;31m[K;[m[K
[16.755s]       |                     [01;31m[K^[m[K
[16.756s] In file included from [01m[K/opt/ros/humble/include/rclcpp/rclcpp/client.hpp:40[m[K,
[16.756s]                  from [01m[K/opt/ros/humble/include/rclcpp/rclcpp/callback_group.hpp:24[m[K,
[16.756s]                  from [01m[K/opt/ros/humble/include/rclcpp/rclcpp/any_executable.hpp:20[m[K,
[16.756s]                  from [01m[K/opt/ros/humble/include/rclcpp/rclcpp/memory_strategy.hpp:25[m[K,
[16.756s]                  from [01m[K/opt/ros/humble/include/rclcpp/rclcpp/memory_strategies.hpp:18[m[K,
[16.756s]                  from [01m[K/opt/ros/humble/include/rclcpp/rclcpp/executor_options.hpp:20[m[K,
[16.756s]                  from [01m[K/opt/ros/humble/include/rclcpp/rclcpp/executor.hpp:37[m[K,
[16.757s]                  from [01m[K/opt/ros/humble/include/rclcpp/rclcpp/executors/multi_threaded_executor.hpp:25[m[K,
[16.757s]                  from [01m[K/opt/ros/humble/include/rclcpp/rclcpp/executors.hpp:21[m[K,
[16.757s]                  from [01m[K/opt/ros/humble/include/rclcpp/rclcpp/rclcpp.hpp:155[m[K,
[16.757s]                  from [01m[K/home/sas/ros2_ws/beginner_tutorials/src/publisher.cpp:13[m[K:
[16.757s] [01m[K/home/sas/ros2_ws/beginner_tutorials/src/publisher.cpp:183:3:[m[K [01;31m[Kerror: [m[Kexpected unqualified-id before â€˜[01m[Kdo[m[Kâ€™
[16.757s]   183 |   [01;31m[KRCLCPP_WARN_STREAM[m[K(node->get_logger(), "Program Shutting Down! " << 4);
[16.757s]       |   [01;31m[K^~~~~~~~~~~~~~~~~~[m[K
[16.758s] [01m[K/home/sas/ros2_ws/beginner_tutorials/src/publisher.cpp:183:3:[m[K [01;31m[Kerror: [m[Kexpected unqualified-id before â€˜[01m[Kwhile[m[Kâ€™
[16.758s]   183 |   [01;31m[KRCLCPP_WARN_STREAM[m[K(node->get_logger(), "Program Shutting Down! " << 4);
[16.758s]       |   [01;31m[K^~~~~~~~~~~~~~~~~~[m[K
[16.758s] [01m[K/home/sas/ros2_ws/beginner_tutorials/src/publisher.cpp:184:3:[m[K [01;31m[Kerror: [m[Kexpected unqualified-id before â€˜[01m[Kreturn[m[Kâ€™
[16.758s]   184 |   [01;31m[Kreturn[m[K 0;
[16.758s]       |   [01;31m[K^~~~~~[m[K
[16.758s] [01m[K/home/sas/ros2_ws/beginner_tutorials/src/publisher.cpp:185:1:[m[K [01;31m[Kerror: [m[Kexpected declaration before â€˜[01m[K}[m[Kâ€™ token
[16.758s]   185 | [01;31m[K}[m[K
[16.759s]       | [01;31m[K^[m[K
[24.880s] gmake[2]: *** [CMakeFiles/talker.dir/build.make:76: CMakeFiles/talker.dir/src/publisher.cpp.o] Error 1
[24.952s] gmake[1]: *** [CMakeFiles/Makefile2:619: CMakeFiles/talker.dir/all] Error 2
[24.952s] gmake[1]: *** Waiting for unfinished jobs....
[26.791s] [ 95%] [32m[1mLinking CXX executable beginner_tutorials_test[0m
[27.752s] [ 95%] Built target beginner_tutorials_test
[37.427s] [ 97%] [32m[1mLinking CXX executable listener[0m
[38.462s] [ 97%] Built target listener
[38.464s] gmake: *** [Makefile:146: all] Error 2
[38.494s] Invoked command in '/home/sas/ros2_ws/beginner_tutorials/build/beginner_tutorials' returned '2': CMAKE_PREFIX_PATH=${CMAKE_PREFIX_PATH}:/opt/ros/humble /usr/bin/cmake --build /home/sas/ros2_ws/beginner_tutorials/build/beginner_tutorials -- -j8 -l8
