[0.154s] Invoking command in '/home/sas/ros2_ws/src/beginner_tutorials/build/beginner_tutorials': CMAKE_PREFIX_PATH=${CMAKE_PREFIX_PATH}:/opt/ros/humble /usr/bin/cmake --build /home/sas/ros2_ws/src/beginner_tutorials/build/beginner_tutorials -- -j8 -l8
[0.278s] [35m[1mConsolidate compiler generated dependencies of target listener[0m
[0.294s] [  2%] Built target beginner_tutorials__cpp
[0.308s] [ 10%] Built target beginner_tutorials__rosidl_generator_c
[0.308s] [ 10%] Built target ament_cmake_python_copy_beginner_tutorials
[0.310s] [ 16%] Built target listener
[0.360s] [ 24%] Built target beginner_tutorials__rosidl_typesupport_fastrtps_cpp
[0.360s] [ 32%] Built target beginner_tutorials__rosidl_typesupport_introspection_cpp
[0.368s] [ 40%] Built target beginner_tutorials__rosidl_typesupport_introspection_c
[0.371s] [ 48%] Built target beginner_tutorials__rosidl_typesupport_c
[0.371s] [ 56%] Built target beginner_tutorials__rosidl_typesupport_cpp
[0.380s] [ 64%] Built target beginner_tutorials__rosidl_typesupport_fastrtps_c
[0.426s] [ 64%] Built target beginner_tutorials
[0.484s] [ 67%] Built target beginner_tutorials__py
[0.488s] [ 70%] [32mBuilding CXX object CMakeFiles/talker.dir/src/publisher.cpp.o[0m
[0.490s] [ 75%] Built target server_client
[0.533s] [ 81%] Built target beginner_tutorials__rosidl_generator_py
[0.587s] [ 86%] Built target beginner_tutorials__rosidl_typesupport_c__pyext
[0.590s] [ 91%] Built target beginner_tutorials__rosidl_typesupport_fastrtps_c__pyext
[0.591s] [ 97%] Built target beginner_tutorials__rosidl_typesupport_introspection_c__pyext
[0.858s] running egg_info
[0.858s] writing beginner_tutorials.egg-info/PKG-INFO
[0.858s] writing dependency_links to beginner_tutorials.egg-info/dependency_links.txt
[0.859s] writing top-level names to beginner_tutorials.egg-info/top_level.txt
[0.863s] reading manifest file 'beginner_tutorials.egg-info/SOURCES.txt'
[0.864s] writing manifest file 'beginner_tutorials.egg-info/SOURCES.txt'
[0.912s] [ 97%] Built target ament_cmake_python_build_beginner_tutorials_egg
[5.235s] [01m[K/home/sas/ros2_ws/src/beginner_tutorials/src/publisher.cpp:[m[K In member function â€˜[01m[Kvoid Publisher::changeString(std::shared_ptr<beginner_tutorials::srv::ChangeString_Request_<std::allocator<void> > >, std::shared_ptr<beginner_tutorials::srv::ChangeString_Response_<std::allocator<void> > >)[m[Kâ€™:
[5.235s] [01m[K/home/sas/ros2_ws/src/beginner_tutorials/src/publisher.cpp:38:5:[m[K [01;31m[Kerror: [m[Kâ€˜[01m[Kserver_resp_message[m[Kâ€™ was not declared in this scope
[5.235s]    38 |     [01;31m[Kserver_resp_message[m[K = response->op;
[5.235s]       |     [01;31m[K^~~~~~~~~~~~~~~~~~~[m[K
[5.253s] In file included from [01m[K/opt/ros/humble/include/rclcpp/rclcpp/client.hpp:40[m[K,
[5.253s]                  from [01m[K/opt/ros/humble/include/rclcpp/rclcpp/callback_group.hpp:24[m[K,
[5.253s]                  from [01m[K/opt/ros/humble/include/rclcpp/rclcpp/any_executable.hpp:20[m[K,
[5.254s]                  from [01m[K/opt/ros/humble/include/rclcpp/rclcpp/memory_strategy.hpp:25[m[K,
[5.254s]                  from [01m[K/opt/ros/humble/include/rclcpp/rclcpp/memory_strategies.hpp:18[m[K,
[5.254s]                  from [01m[K/opt/ros/humble/include/rclcpp/rclcpp/executor_options.hpp:20[m[K,
[5.254s]                  from [01m[K/opt/ros/humble/include/rclcpp/rclcpp/executor.hpp:37[m[K,
[5.254s]                  from [01m[K/opt/ros/humble/include/rclcpp/rclcpp/executors/multi_threaded_executor.hpp:25[m[K,
[5.254s]                  from [01m[K/opt/ros/humble/include/rclcpp/rclcpp/executors.hpp:21[m[K,
[5.254s]                  from [01m[K/opt/ros/humble/include/rclcpp/rclcpp/rclcpp.hpp:155[m[K,
[5.254s]                  from [01m[K/home/sas/ros2_ws/src/beginner_tutorials/src/publisher.cpp:13[m[K:
[5.254s] [01m[K/home/sas/ros2_ws/src/beginner_tutorials/src/publisher.cpp:[m[K In function â€˜[01m[Kint main(int, char**)[m[Kâ€™:
[5.254s] [01m[K/home/sas/ros2_ws/src/beginner_tutorials/src/publisher.cpp:61:22:[m[K [01;31m[Kerror: [m[Kâ€˜[01m[Knode[m[Kâ€™ was not declared in this scope
[5.254s]    61 |   RCLCPP_WARN_STREAM([01;31m[Knode[m[K->get_logger(), "Shutting Down!! " << 4);
[5.254s]       |                      [01;31m[K^~~~[m[K
[5.255s] [01m[K/home/sas/ros2_ws/src/beginner_tutorials/src/publisher.cpp:61:3:[m[K [01;31m[Kerror: [m[Ktemplate argument 1 is invalid
[5.255s]    61 |   [01;31m[KRCLCPP_WARN_STREAM[m[K(node->get_logger(), "Shutting Down!! " << 4);
[5.255s]       |   [01;31m[K^~~~~~~~~~~~~~~~~~[m[K
[5.255s] [01m[K/home/sas/ros2_ws/src/beginner_tutorials/src/publisher.cpp:61:3:[m[K [01;31m[Kerror: [m[Kâ€˜[01m[K<declaration error>[m[Kâ€™ is not a template [[01;31m[K]8;;https://gcc.gnu.org/onlinedocs/gcc/Warning-Options.html#index-fpermissive-fpermissive]8;;[m[K]
[5.255s]    61 |   [01;31m[KRCLCPP_WARN_STREAM[m[K(node->get_logger(), "Shutting Down!! " << 4);
[5.255s]       |   [01;31m[K^~~~~~~~~~~~~~~~~~[m[K
[5.255s] [01m[K/home/sas/ros2_ws/src/beginner_tutorials/src/publisher.cpp:61:3:[m[K [01;31m[Kerror: [m[Ktemplate argument 1 is invalid
[5.255s]    61 |   [01;31m[KRCLCPP_WARN_STREAM[m[K(node->get_logger(), "Shutting Down!! " << 4);
[5.256s]       |   [01;31m[K^~~~~~~~~~~~~~~~~~[m[K
[5.256s] [01m[K/home/sas/ros2_ws/src/beginner_tutorials/src/publisher.cpp:61:3:[m[K [01;31m[Kerror: [m[Kâ€˜[01m[K<declaration error>[m[Kâ€™ is not a template [[01;31m[K]8;;https://gcc.gnu.org/onlinedocs/gcc/Warning-Options.html#index-fpermissive-fpermissive]8;;[m[K]
[5.256s]    61 |   [01;31m[KRCLCPP_WARN_STREAM[m[K(node->get_logger(), "Shutting Down!! " << 4);
[5.256s]       |   [01;31m[K^~~~~~~~~~~~~~~~~~[m[K
[5.256s] [01m[K/home/sas/ros2_ws/src/beginner_tutorials/src/publisher.cpp:61:3:[m[K [01;31m[Kerror: [m[Ktemplate argument 1 is invalid
[5.256s]    61 |   [01;31m[KRCLCPP_WARN_STREAM[m[K(node->get_logger(), "Shutting Down!! " << 4);
[5.256s]       |   [01;31m[K^~~~~~~~~~~~~~~~~~[m[K
[6.835s] gmake[2]: *** [CMakeFiles/talker.dir/build.make:76: CMakeFiles/talker.dir/src/publisher.cpp.o] Error 1
[6.838s] gmake[1]: *** [CMakeFiles/Makefile2:598: CMakeFiles/talker.dir/all] Error 2
[6.839s] gmake: *** [Makefile:146: all] Error 2
[6.840s] Invoked command in '/home/sas/ros2_ws/src/beginner_tutorials/build/beginner_tutorials' returned '2': CMAKE_PREFIX_PATH=${CMAKE_PREFIX_PATH}:/opt/ros/humble /usr/bin/cmake --build /home/sas/ros2_ws/src/beginner_tutorials/build/beginner_tutorials -- -j8 -l8
