[  8%] Built target beginner_tutorials__rosidl_generator_c
[ 10%] Built target beginner_tutorials__cpp
[ 10%] Built target ament_cmake_python_copy_beginner_tutorials
[ 16%] Built target listener
[ 24%] Built target beginner_tutorials__rosidl_typesupport_fastrtps_c
[ 32%] Built target beginner_tutorials__rosidl_typesupport_introspection_cpp
[ 40%] Built target beginner_tutorials__rosidl_typesupport_c
[ 48%] Built target beginner_tutorials__rosidl_typesupport_cpp
[ 56%] Built target beginner_tutorials__rosidl_typesupport_introspection_c
[ 64%] Built target beginner_tutorials__rosidl_typesupport_fastrtps_cpp
[ 64%] Built target beginner_tutorials
[ 67%] Built target beginner_tutorials__py
[ 70%] [32mBuilding CXX object CMakeFiles/talker.dir/src/publisher.cpp.o[0m
[ 75%] Built target server_client
[ 81%] Built target beginner_tutorials__rosidl_generator_py
[ 86%] Built target beginner_tutorials__rosidl_typesupport_introspection_c__pyext
[ 91%] Built target beginner_tutorials__rosidl_typesupport_fastrtps_c__pyext
[ 97%] Built target beginner_tutorials__rosidl_typesupport_c__pyext
[01m[K/home/sas/ros2_ws/beginner_tutorials/src/publisher.cpp:16:10:[m[K [01;31m[Kfatal error: [m[Ktf2/LinearMath/Quaternion.h: No such file or directory
   16 | #include [01;31m[K"tf2/LinearMath/Quaternion.h"[m[K
      |          [01;31m[K^~~~~~~~~~~~~~~~~~~~~~~~~~~~~[m[K
compilation terminated.
gmake[2]: *** [CMakeFiles/talker.dir/build.make:76: CMakeFiles/talker.dir/src/publisher.cpp.o] Error 1
gmake[1]: *** [CMakeFiles/Makefile2:598: CMakeFiles/talker.dir/all] Error 2
gmake[1]: *** Waiting for unfinished jobs....
running egg_info
writing beginner_tutorials.egg-info/PKG-INFO
writing dependency_links to beginner_tutorials.egg-info/dependency_links.txt
writing top-level names to beginner_tutorials.egg-info/top_level.txt
reading manifest file 'beginner_tutorials.egg-info/SOURCES.txt'
writing manifest file 'beginner_tutorials.egg-info/SOURCES.txt'
[ 97%] Built target ament_cmake_python_build_beginner_tutorials_egg
gmake: *** [Makefile:146: all] Error 2
