[01m[K/home/sas/ros2_ws/beginner_tutorials/src/publisher.cpp:17:10:[m[K [01;31m[Kfatal error: [m[Ktf2_ros/static_transform_broadcaster.h: No such file or directory
   17 | #include [01;31m[K"tf2_ros/static_transform_broadcaster.h"[m[K
      |          [01;31m[K^~~~~~~~~~~~~~~~~~~~~~~~~~~~~~~~~~~~~~~~[m[K
compilation terminated.
gmake[2]: *** [CMakeFiles/talker.dir/build.make:76: CMakeFiles/talker.dir/src/publisher.cpp.o] Error 1
gmake[1]: *** [CMakeFiles/Makefile2:598: CMakeFiles/talker.dir/all] Error 2
gmake: *** [Makefile:146: all] Error 2
