[  2%] Built target beginner_tutorials__cpp
[35m[1mConsolidate compiler generated dependencies of target listener[0m
[ 10%] Built target beginner_tutorials__rosidl_generator_c
[ 10%] Built target ament_cmake_python_copy_beginner_tutorials
[ 13%] [32mBuilding CXX object CMakeFiles/listener.dir/src/subscriber.cpp.o[0m
[ 29%] Built target beginner_tutorials__rosidl_typesupport_fastrtps_cpp
[ 29%] Built target beginner_tutorials__rosidl_typesupport_cpp
[ 37%] Built target beginner_tutorials__rosidl_typesupport_introspection_cpp
[ 45%] Built target beginner_tutorials__rosidl_typesupport_fastrtps_c
[ 54%] Built target beginner_tutorials__rosidl_typesupport_c
[ 62%] Built target beginner_tutorials__rosidl_typesupport_introspection_c
[ 62%] Built target beginner_tutorials
[ 64%] Built target beginner_tutorials__py
[ 70%] Built target talker
[ 75%] Built target server_client
[ 81%] Built target beginner_tutorials__rosidl_generator_py
[ 86%] Built target beginner_tutorials__rosidl_typesupport_c__pyext
[ 91%] Built target beginner_tutorials__rosidl_typesupport_introspection_c__pyext
[ 97%] Built target beginner_tutorials__rosidl_typesupport_fastrtps_c__pyext
running egg_info
writing beginner_tutorials.egg-info/PKG-INFO
writing dependency_links to beginner_tutorials.egg-info/dependency_links.txt
writing top-level names to beginner_tutorials.egg-info/top_level.txt
reading manifest file 'beginner_tutorials.egg-info/SOURCES.txt'
writing manifest file 'beginner_tutorials.egg-info/SOURCES.txt'
[ 97%] Built target ament_cmake_python_build_beginner_tutorials_egg
[01m[K/home/sas/ros2_ws/src/beginner_tutorials/src/subscriber.cpp:17:3:[m[K [01;31m[Kerror: [m[KISO C++ forbids declaration of â€˜[01m[KMinimalSubscriber[m[Kâ€™ with no type [[01;31m[K]8;;https://gcc.gnu.org/onlinedocs/gcc/Warning-Options.html#index-fpermissive-fpermissive]8;;[m[K]
   17 |   [01;31m[KMinimalSubscriber[m[K() : Node("subscriber") {
      |   [01;31m[K^~~~~~~~~~~~~~~~~[m[K
[01m[K/home/sas/ros2_ws/src/beginner_tutorials/src/subscriber.cpp:[m[K In member function â€˜[01m[Kint Subscriber::MinimalSubscriber()[m[Kâ€™:
[01m[K/home/sas/ros2_ws/src/beginner_tutorials/src/subscriber.cpp:17:25:[m[K [01;31m[Kerror: [m[Konly constructors take member initializers
   17 |   MinimalSubscriber() : [01;31m[KNode[m[K("subscriber") {
      |                         [01;31m[K^~~~[m[K
[01m[K/home/sas/ros2_ws/src/beginner_tutorials/src/subscriber.cpp:21:22:[m[K [01;31m[Kerror: [m[Kâ€˜[01m[KMinimalSubscriber[m[Kâ€™ is not a class, namespace, or enumeration
   21 |           std::bind(&[01;31m[KMinimalSubscriber[m[K::topic_callback, this, _1));
      |                      [01;31m[K^~~~~~~~~~~~~~~~~[m[K
[01m[K/home/sas/ros2_ws/src/beginner_tutorials/src/subscriber.cpp:28:3:[m[K [01;35m[Kwarning: [m[Kno return statement in function returning non-void [[01;35m[K]8;;https://gcc.gnu.org/onlinedocs/gcc/Warning-Options.html#index-Wreturn-type-Wreturn-type]8;;[m[K]
   28 |   [01;35m[K}[m[K
      |   [01;35m[K^[m[K
[01m[K/home/sas/ros2_ws/src/beginner_tutorials/src/subscriber.cpp:[m[K In function â€˜[01m[Kint main(int, char**)[m[Kâ€™:
[01m[K/home/sas/ros2_ws/src/beginner_tutorials/src/subscriber.cpp:45:32:[m[K [01;31m[Kerror: [m[Kâ€˜[01m[KMinimalSubscriber[m[Kâ€™ was not declared in this scope
   45 |   auto node = std::make_shared<[01;31m[KMinimalSubscriber[m[K>();
      |                                [01;31m[K^~~~~~~~~~~~~~~~~[m[K
[01m[K/home/sas/ros2_ws/src/beginner_tutorials/src/subscriber.cpp:45:50:[m[K [01;31m[Kerror: [m[Kno matching function for call to â€˜[01m[Kmake_shared<<expression error> >()[m[Kâ€™
   45 |   auto node = [01;31m[Kstd::make_shared<MinimalSubscriber>()[m[K;
      |               [01;31m[K~~~~~~~~~~~~~~~~~~~~~~~~~~~~~~~~~~~^~[m[K
In file included from [01m[K/usr/include/c++/11/memory:77[m[K,
                 from [01m[K/home/sas/ros2_ws/src/beginner_tutorials/src/subscriber.cpp:6[m[K:
[01m[K/usr/include/c++/11/bits/shared_ptr.h:875:5:[m[K [01;36m[Knote: [m[Kcandidate: â€˜[01m[Ktemplate<class _Tp, class ... _Args> std::shared_ptr<_Tp> std::make_shared(_Args&& ...)[m[Kâ€™
  875 |     [01;36m[Kmake_shared[m[K(_Args&&... __args)
      |     [01;36m[K^~~~~~~~~~~[m[K
[01m[K/usr/include/c++/11/bits/shared_ptr.h:875:5:[m[K [01;36m[Knote: [m[K  template argument deduction/substitution failed:
[01m[K/home/sas/ros2_ws/src/beginner_tutorials/src/subscriber.cpp:45:50:[m[K [01;31m[Kerror: [m[Ktemplate argument 1 is invalid
   45 |   auto node = [01;31m[Kstd::make_shared<MinimalSubscriber>()[m[K;
      |               [01;31m[K~~~~~~~~~~~~~~~~~~~~~~~~~~~~~~~~~~~^~[m[K
In file included from [01m[K/opt/ros/humble/include/rclcpp/rclcpp/client.hpp:40[m[K,
                 from [01m[K/opt/ros/humble/include/rclcpp/rclcpp/callback_group.hpp:24[m[K,
                 from [01m[K/opt/ros/humble/include/rclcpp/rclcpp/any_executable.hpp:20[m[K,
                 from [01m[K/opt/ros/humble/include/rclcpp/rclcpp/memory_strategy.hpp:25[m[K,
                 from [01m[K/opt/ros/humble/include/rclcpp/rclcpp/memory_strategies.hpp:18[m[K,
                 from [01m[K/opt/ros/humble/include/rclcpp/rclcpp/executor_options.hpp:20[m[K,
                 from [01m[K/opt/ros/humble/include/rclcpp/rclcpp/executor.hpp:37[m[K,
                 from [01m[K/opt/ros/humble/include/rclcpp/rclcpp/executors/multi_threaded_executor.hpp:25[m[K,
                 from [01m[K/opt/ros/humble/include/rclcpp/rclcpp/executors.hpp:21[m[K,
                 from [01m[K/opt/ros/humble/include/rclcpp/rclcpp/rclcpp.hpp:155[m[K,
                 from [01m[K/home/sas/ros2_ws/src/beginner_tutorials/src/subscriber.cpp:7[m[K:
[01m[K/home/sas/ros2_ws/src/beginner_tutorials/src/subscriber.cpp:49:3:[m[K [01;31m[Kerror: [m[Ktemplate argument 1 is invalid
   49 |   [01;31m[KRCLCPP_WARN_STREAM[m[K(node->get_logger(), "Shutting Down!! " << 4);
      |   [01;31m[K^~~~~~~~~~~~~~~~~~[m[K
[01m[K/home/sas/ros2_ws/src/beginner_tutorials/src/subscriber.cpp:49:3:[m[K [01;31m[Kerror: [m[Kâ€˜[01m[K<declaration error>[m[Kâ€™ is not a template [[01;31m[K]8;;https://gcc.gnu.org/onlinedocs/gcc/Warning-Options.html#index-fpermissive-fpermissive]8;;[m[K]
   49 |   [01;31m[KRCLCPP_WARN_STREAM[m[K(node->get_logger(), "Shutting Down!! " << 4);
      |   [01;31m[K^~~~~~~~~~~~~~~~~~[m[K
[01m[K/home/sas/ros2_ws/src/beginner_tutorials/src/subscriber.cpp:49:3:[m[K [01;31m[Kerror: [m[Ktemplate argument 1 is invalid
   49 |   [01;31m[KRCLCPP_WARN_STREAM[m[K(node->get_logger(), "Shutting Down!! " << 4);
      |   [01;31m[K^~~~~~~~~~~~~~~~~~[m[K
[01m[K/home/sas/ros2_ws/src/beginner_tutorials/src/subscriber.cpp:49:3:[m[K [01;31m[Kerror: [m[Kâ€˜[01m[K<declaration error>[m[Kâ€™ is not a template [[01;31m[K]8;;https://gcc.gnu.org/onlinedocs/gcc/Warning-Options.html#index-fpermissive-fpermissive]8;;[m[K]
   49 |   [01;31m[KRCLCPP_WARN_STREAM[m[K(node->get_logger(), "Shutting Down!! " << 4);
      |   [01;31m[K^~~~~~~~~~~~~~~~~~[m[K
[01m[K/home/sas/ros2_ws/src/beginner_tutorials/src/subscriber.cpp:49:3:[m[K [01;31m[Kerror: [m[Ktemplate argument 1 is invalid
   49 |   [01;31m[KRCLCPP_WARN_STREAM[m[K(node->get_logger(), "Shutting Down!! " << 4);
      |   [01;31m[K^~~~~~~~~~~~~~~~~~[m[K
gmake[2]: *** [CMakeFiles/listener.dir/build.make:76: CMakeFiles/listener.dir/src/subscriber.cpp.o] Error 1
gmake[1]: *** [CMakeFiles/Makefile2:624: CMakeFiles/listener.dir/all] Error 2
gmake: *** [Makefile:146: all] Error 2
