-- Found ament_cmake: 1.3.6 (/opt/ros/humble/share/ament_cmake/cmake)
-- Found rclcpp: 16.0.7 (/opt/ros/humble/share/rclcpp/cmake)
-- Found rosidl_generator_c: 3.1.5 (/opt/ros/humble/share/rosidl_generator_c/cmake)
-- Found rosidl_adapter: 3.1.5 (/opt/ros/humble/share/rosidl_adapter/cmake)
-- Found rosidl_generator_cpp: 3.1.5 (/opt/ros/humble/share/rosidl_generator_cpp/cmake)
-- Using all available rosidl_typesupport_c: rosidl_typesupport_fastrtps_c;rosidl_typesupport_introspection_c
-- Using all available rosidl_typesupport_cpp: rosidl_typesupport_fastrtps_cpp;rosidl_typesupport_introspection_cpp
-- Found rmw_implementation_cmake: 6.1.1 (/opt/ros/humble/share/rmw_implementation_cmake/cmake)
-- Found rmw_fastrtps_cpp: 6.2.5 (/opt/ros/humble/share/rmw_fastrtps_cpp/cmake)
-- Using RMW implementation 'rmw_fastrtps_cpp' as default
-- Found rosidl_default_generators: 1.2.0 (/opt/ros/humble/share/rosidl_default_generators/cmake)
-- Found tf2: 0.25.5 (/opt/ros/humble/share/tf2/cmake)
-- Found tf2_ros: 0.25.5 (/opt/ros/humble/share/tf2_ros/cmake)
-- Found turtlesim: 1.4.2 (/opt/ros/humble/share/turtlesim/cmake)
-- Found ament_cmake_ros: 0.10.0 (/opt/ros/humble/share/ament_cmake_ros/cmake)
-- Using all available rosidl_typesupport_c: rosidl_typesupport_fastrtps_c;rosidl_typesupport_introspection_c
-- Using all available rosidl_typesupport_cpp: rosidl_typesupport_fastrtps_cpp;rosidl_typesupport_introspection_cpp
-- Found python_cmake_module: 0.10.0 (/opt/ros/humble/share/python_cmake_module/cmake)
-- Using PYTHON_EXECUTABLE: /usr/bin/python3
-- Using PYTHON_INCLUDE_DIRS: /usr/include/python3.10
-- Using PYTHON_LIBRARIES: /usr/lib/x86_64-linux-gnu/libpython3.10.so
-- Found ament_lint_auto: 0.12.9 (/opt/ros/humble/share/ament_lint_auto/cmake)
-- Found gtest sources under '/opt/ros/humble/src/gtest_vendor': C++ tests using 'Google Test' will be built
-- Added test 'pep257' to check Python code against some of the docstring style conventions in PEP 257
-- Configuring done
-- Generating done
-- Build files have been written to: /home/sas/ros2_ws/beginner_tutorials/build/beginner_tutorials
[  2%] [34m[1mGenerating C code for ROS interfaces[0m
[35m[1mConsolidate compiler generated dependencies of target gtest_main[0m
[  4%] [34m[1mGenerating C++ code for ROS interfaces[0m
[35m[1mConsolidate compiler generated dependencies of target gtest[0m
[  9%] Built target gtest_main
[ 14%] Built target gtest
[35m[1mConsolidate compiler generated dependencies of target beginner_tutorials_test[0m
[ 14%] Built target ament_cmake_python_copy_beginner_tutorials
[ 19%] Built target beginner_tutorials_test
[ 19%] Built target beginner_tutorials__cpp
running egg_info
writing beginner_tutorials.egg-info/PKG-INFO
writing dependency_links to beginner_tutorials.egg-info/dependency_links.txt
writing top-level names to beginner_tutorials.egg-info/top_level.txt
[ 21%] [32mBuilding C object CMakeFiles/beginner_tutorials__rosidl_generator_c.dir/rosidl_generator_c/beginner_tutorials/srv/detail/new_service__functions.c.o[0m
[ 24%] [34m[1mGenerating C++ type support dispatch for ROS interfaces[0m
reading manifest file 'beginner_tutorials.egg-info/SOURCES.txt'
[ 29%] [34m[1mGenerating C++ introspection for ROS interfaces[0m
[ 29%] [34m[1mGenerating C++ type support for eProsima Fast-RTPS[0m
writing manifest file 'beginner_tutorials.egg-info/SOURCES.txt'
[ 29%] Built target ament_cmake_python_build_beginner_tutorials_egg
[ 31%] [32m[1mLinking C shared library libbeginner_tutorials__rosidl_generator_c.so[0m
[ 31%] Built target beginner_tutorials__rosidl_generator_c
[ 34%] [34m[1mGenerating C type support for eProsima Fast-RTPS[0m
[ 39%] [34m[1mGenerating C introspection for ROS interfaces[0m
[ 39%] [34m[1mGenerating C type support dispatch for ROS interfaces[0m
[ 43%] [32mBuilding CXX object CMakeFiles/beginner_tutorials__rosidl_typesupport_cpp.dir/rosidl_typesupport_cpp/beginner_tutorials/srv/new_service__type_support.cpp.o[0m
[ 43%] [32mBuilding CXX object CMakeFiles/beginner_tutorials__rosidl_typesupport_introspection_cpp.dir/rosidl_typesupport_introspection_cpp/beginner_tutorials/srv/detail/new_service__type_support.cpp.o[0m
[ 46%] [32mBuilding CXX object CMakeFiles/beginner_tutorials__rosidl_typesupport_fastrtps_cpp.dir/rosidl_typesupport_fastrtps_cpp/beginner_tutorials/srv/detail/dds_fastrtps/new_service__type_support.cpp.o[0m
[ 48%] [32mBuilding CXX object CMakeFiles/beginner_tutorials__rosidl_typesupport_c.dir/rosidl_typesupport_c/beginner_tutorials/srv/new_service__type_support.cpp.o[0m
[ 51%] [32mBuilding C object CMakeFiles/beginner_tutorials__rosidl_typesupport_introspection_c.dir/rosidl_typesupport_introspection_c/beginner_tutorials/srv/detail/new_service__type_support.c.o[0m
[ 53%] [32m[1mLinking C shared library libbeginner_tutorials__rosidl_typesupport_introspection_c.so[0m
[ 56%] [32m[1mLinking CXX shared library libbeginner_tutorials__rosidl_typesupport_cpp.so[0m
[ 58%] [32m[1mLinking CXX shared library libbeginner_tutorials__rosidl_typesupport_c.so[0m
[ 60%] [32mBuilding CXX object CMakeFiles/beginner_tutorials__rosidl_typesupport_fastrtps_c.dir/rosidl_typesupport_fastrtps_c/beginner_tutorials/srv/detail/new_service__type_support_c.cpp.o[0m
[ 60%] Built target beginner_tutorials__rosidl_typesupport_introspection_c
[ 60%] Built target beginner_tutorials__rosidl_typesupport_c
[ 60%] Built target beginner_tutorials__rosidl_typesupport_cpp
[35m[1mConsolidate compiler generated dependencies of target listener[0m
[35m[1mConsolidate compiler generated dependencies of target talker[0m
[ 63%] [32mBuilding CXX object CMakeFiles/listener.dir/src/subscriber.cpp.o[0m
[ 65%] [32mBuilding CXX object CMakeFiles/talker.dir/src/publisher.cpp.o[0m
[ 68%] [32m[1mLinking CXX shared library libbeginner_tutorials__rosidl_typesupport_fastrtps_cpp.so[0m
[ 70%] [32m[1mLinking CXX shared library libbeginner_tutorials__rosidl_typesupport_introspection_cpp.so[0m
[ 70%] Built target beginner_tutorials__rosidl_typesupport_fastrtps_cpp
[ 70%] Built target beginner_tutorials__rosidl_typesupport_introspection_cpp
[ 73%] [32m[1mLinking CXX shared library libbeginner_tutorials__rosidl_typesupport_fastrtps_c.so[0m
[ 73%] Built target beginner_tutorials__rosidl_typesupport_fastrtps_c
[ 73%] Built target beginner_tutorials
[ 75%] [34m[1mGenerating Python code for ROS interfaces[0m
[ 75%] Built target beginner_tutorials__py
[ 78%] [32mBuilding C object CMakeFiles/beginner_tutorials__rosidl_generator_py.dir/rosidl_generator_py/beginner_tutorials/srv/_new_service_s.c.o[0m
[ 80%] [32m[1mLinking C shared library rosidl_generator_py/beginner_tutorials/libbeginner_tutorials__rosidl_generator_py.so[0m
[ 80%] Built target beginner_tutorials__rosidl_generator_py
[35m[1mConsolidate compiler generated dependencies of target beginner_tutorials__rosidl_typesupport_fastrtps_c__pyext[0m
[35m[1mConsolidate compiler generated dependencies of target beginner_tutorials__rosidl_typesupport_introspection_c__pyext[0m
[ 82%] [32mBuilding C object CMakeFiles/beginner_tutorials__rosidl_typesupport_fastrtps_c__pyext.dir/rosidl_generator_py/beginner_tutorials/_beginner_tutorials_s.ep.rosidl_typesupport_fastrtps_c.c.o[0m
[35m[1mConsolidate compiler generated dependencies of target beginner_tutorials__rosidl_typesupport_c__pyext[0m
[ 85%] [32mBuilding C object CMakeFiles/beginner_tutorials__rosidl_typesupport_introspection_c__pyext.dir/rosidl_generator_py/beginner_tutorials/_beginner_tutorials_s.ep.rosidl_typesupport_introspection_c.c.o[0m
[ 87%] [32mBuilding C object CMakeFiles/beginner_tutorials__rosidl_typesupport_c__pyext.dir/rosidl_generator_py/beginner_tutorials/_beginner_tutorials_s.ep.rosidl_typesupport_c.c.o[0m
[ 90%] [32m[1mLinking C shared library rosidl_generator_py/beginner_tutorials/beginner_tutorials_s__rosidl_typesupport_fastrtps_c.cpython-310-x86_64-linux-gnu.so[0m
[ 92%] [32m[1mLinking C shared library rosidl_generator_py/beginner_tutorials/beginner_tutorials_s__rosidl_typesupport_introspection_c.cpython-310-x86_64-linux-gnu.so[0m
[ 95%] [32m[1mLinking C shared library rosidl_generator_py/beginner_tutorials/beginner_tutorials_s__rosidl_typesupport_c.cpython-310-x86_64-linux-gnu.so[0m
[ 95%] Built target beginner_tutorials__rosidl_typesupport_introspection_c__pyext
[ 95%] Built target beginner_tutorials__rosidl_typesupport_fastrtps_c__pyext
[ 95%] Built target beginner_tutorials__rosidl_typesupport_c__pyext
[01m[K/home/sas/ros2_ws/beginner_tutorials/src/publisher.cpp:92:54:[m[K [01;31m[Kerror: [m[Kâ€˜[01m[KNewService[m[Kâ€™ is not a member of â€˜[01m[Kbeginner_tutorials::srv[m[Kâ€™
   92 |       const std::shared_ptr<beginner_tutorials::srv::[01;31m[KNewService[m[K::Request>
      |                                                      [01;31m[K^~~~~~~~~~[m[K
[01m[K/home/sas/ros2_ws/beginner_tutorials/src/publisher.cpp:92:73:[m[K [01;31m[Kerror: [m[Ktemplate argument 1 is invalid
   92 |       const std::shared_ptr<beginner_tutorials::srv::NewService::Request[01;31m[K>[m[K
      |                                                                         [01;31m[K^[m[K
[01m[K/home/sas/ros2_ws/beginner_tutorials/src/publisher.cpp:92:54:[m[K [01;31m[Kerror: [m[Kâ€˜[01m[KNewService[m[Kâ€™ is not a member of â€˜[01m[Kbeginner_tutorials::srv[m[Kâ€™
   92 |       const std::shared_ptr<beginner_tutorials::srv::[01;31m[KNewService[m[K::Request>
      |                                                      [01;31m[K^~~~~~~~~~[m[K
[01m[K/home/sas/ros2_ws/beginner_tutorials/src/publisher.cpp:92:73:[m[K [01;31m[Kerror: [m[Ktemplate argument 1 is invalid
   92 |       const std::shared_ptr<beginner_tutorials::srv::NewService::Request[01;31m[K>[m[K
      |                                                                         [01;31m[K^[m[K
[01m[K/home/sas/ros2_ws/beginner_tutorials/src/publisher.cpp:92:54:[m[K [01;31m[Kerror: [m[Kâ€˜[01m[KNewService[m[Kâ€™ is not a member of â€˜[01m[Kbeginner_tutorials::srv[m[Kâ€™
   92 |       const std::shared_ptr<beginner_tutorials::srv::[01;31m[KNewService[m[K::Request>
      |                                                      [01;31m[K^~~~~~~~~~[m[K
[01m[K/home/sas/ros2_ws/beginner_tutorials/src/publisher.cpp:92:73:[m[K [01;31m[Kerror: [m[Ktemplate argument 1 is invalid
   92 |       const std::shared_ptr<beginner_tutorials::srv::NewService::Request[01;31m[K>[m[K
      |                                                                         [01;31m[K^[m[K
[01m[K/home/sas/ros2_ws/beginner_tutorials/src/publisher.cpp:92:13:[m[K [01;31m[Kerror: [m[Kinvalid template-id
   92 |       const [01;31m[Kstd[m[K::shared_ptr<beginner_tutorials::srv::NewService::Request>
      |             [01;31m[K^~~[m[K
[01m[K/home/sas/ros2_ws/beginner_tutorials/src/publisher.cpp:92:54:[m[K [01;31m[Kerror: [m[Kâ€˜[01m[Kbeginner_tutorials::srv::NewService[m[Kâ€™ has not been declared
   92 |       const std::shared_ptr<beginner_tutorials::srv::[01;31m[KNewService[m[K::Request>
      |                                                      [01;31m[K^~~~~~~~~~[m[K
[01m[K/home/sas/ros2_ws/beginner_tutorials/src/publisher.cpp:92:7:[m[K [01;31m[Kerror: [m[Kclass template placeholder â€˜[01m[Kstd::shared_ptr[m[Kâ€™ not permitted in this context
   92 |       [01;31m[Kconst[m[K std::shared_ptr<beginner_tutorials::srv::NewService::Request>
      |       [01;31m[K^~~~~[m[K
[01m[K/home/sas/ros2_ws/beginner_tutorials/src/publisher.cpp:94:48:[m[K [01;31m[Kerror: [m[Kâ€˜[01m[KNewService[m[Kâ€™ is not a member of â€˜[01m[Kbeginner_tutorials::srv[m[Kâ€™
   94 |       std::shared_ptr<beginner_tutorials::srv::[01;31m[KNewService[m[K::Response>
      |                                                [01;31m[K^~~~~~~~~~[m[K
[01m[K/home/sas/ros2_ws/beginner_tutorials/src/publisher.cpp:94:68:[m[K [01;31m[Kerror: [m[Ktemplate argument 1 is invalid
   94 |       std::shared_ptr<beginner_tutorials::srv::NewService::Response[01;31m[K>[m[K
      |                                                                    [01;31m[K^[m[K
[01m[K/home/sas/ros2_ws/beginner_tutorials/src/publisher.cpp:94:48:[m[K [01;31m[Kerror: [m[Kâ€˜[01m[KNewService[m[Kâ€™ is not a member of â€˜[01m[Kbeginner_tutorials::srv[m[Kâ€™
   94 |       std::shared_ptr<beginner_tutorials::srv::[01;31m[KNewService[m[K::Response>
      |                                                [01;31m[K^~~~~~~~~~[m[K
[01m[K/home/sas/ros2_ws/beginner_tutorials/src/publisher.cpp:94:68:[m[K [01;31m[Kerror: [m[Ktemplate argument 1 is invalid
   94 |       std::shared_ptr<beginner_tutorials::srv::NewService::Response[01;31m[K>[m[K
      |                                                                    [01;31m[K^[m[K
[01m[K/home/sas/ros2_ws/beginner_tutorials/src/publisher.cpp:94:48:[m[K [01;31m[Kerror: [m[Kâ€˜[01m[KNewService[m[Kâ€™ is not a member of â€˜[01m[Kbeginner_tutorials::srv[m[Kâ€™
   94 |       std::shared_ptr<beginner_tutorials::srv::[01;31m[KNewService[m[K::Response>
      |                                                [01;31m[K^~~~~~~~~~[m[K
[01m[K/home/sas/ros2_ws/beginner_tutorials/src/publisher.cpp:94:68:[m[K [01;31m[Kerror: [m[Ktemplate argument 1 is invalid
   94 |       std::shared_ptr<beginner_tutorials::srv::NewService::Response[01;31m[K>[m[K
      |                                                                    [01;31m[K^[m[K
[01m[K/home/sas/ros2_ws/beginner_tutorials/src/publisher.cpp:94:7:[m[K [01;31m[Kerror: [m[Kinvalid template-id
   94 |       [01;31m[Kstd[m[K::shared_ptr<beginner_tutorials::srv::NewService::Response>
      |       [01;31m[K^~~[m[K
[01m[K/home/sas/ros2_ws/beginner_tutorials/src/publisher.cpp:94:48:[m[K [01;31m[Kerror: [m[Kâ€˜[01m[Kbeginner_tutorials::srv::NewService[m[Kâ€™ has not been declared
   94 |       std::shared_ptr<beginner_tutorials::srv::[01;31m[KNewService[m[K::Response>
      |                                                [01;31m[K^~~~~~~~~~[m[K
[01m[K/home/sas/ros2_ws/beginner_tutorials/src/publisher.cpp:94:7:[m[K [01;31m[Kerror: [m[Kclass template placeholder â€˜[01m[Kstd::shared_ptr[m[Kâ€™ not permitted in this context
   94 |       [01;31m[Kstd[m[K::shared_ptr<beginner_tutorials::srv::NewService::Response>
      |       [01;31m[K^~~[m[K
[01m[K/home/sas/ros2_ws/beginner_tutorials/src/publisher.cpp:122:44:[m[K [01;31m[Kerror: [m[Kâ€˜[01m[KNewService[m[Kâ€™ is not a member of â€˜[01m[Kbeginner_tutorials::srv[m[Kâ€™
  122 |   rclcpp::Service<beginner_tutorials::srv::[01;31m[KNewService[m[K>::SharedPtr service_;
      |                                            [01;31m[K^~~~~~~~~~[m[K
[01m[K/home/sas/ros2_ws/beginner_tutorials/src/publisher.cpp:122:54:[m[K [01;31m[Kerror: [m[Ktemplate argument 1 is invalid
  122 |   rclcpp::Service<beginner_tutorials::srv::NewService[01;31m[K>[m[K::SharedPtr service_;
      |                                                      [01;31m[K^[m[K
[01m[K/home/sas/ros2_ws/beginner_tutorials/src/publisher.cpp:122:57:[m[K [01;31m[Kerror: [m[Kexpected â€˜[01m[K;[m[Kâ€™ at end of member declaration
  122 |   rclcpp::Service<beginner_tutorials::srv::NewService>::[01;31m[KSharedPtr[m[K service_;
      |                                                         [01;31m[K^~~~~~~~~[m[K
      |                                                                  [32m[K;[m[K
[01m[K/home/sas/ros2_ws/beginner_tutorials/src/publisher.cpp:122:67:[m[K [01;31m[Kerror: [m[Kâ€˜[01m[Kservice_[m[Kâ€™ does not name a type
  122 |   rclcpp::Service<beginner_tutorials::srv::NewService>::SharedPtr [01;31m[Kservice_[m[K;
      |                                                                   [01;31m[K^~~~~~~~[m[K
[01m[K/home/sas/ros2_ws/beginner_tutorials/src/publisher.cpp:[m[K In constructor â€˜[01m[KPublisher::Publisher()[m[Kâ€™:
[01m[K/home/sas/ros2_ws/beginner_tutorials/src/publisher.cpp:69:5:[m[K [01;31m[Kerror: [m[Kâ€˜[01m[Kservice_[m[Kâ€™ was not declared in this scope
   69 |     [01;31m[Kservice_[m[K = create_service<beginner_tutorials::srv::NewService>(
      |     [01;31m[K^~~~~~~~[m[K
[01m[K/home/sas/ros2_ws/beginner_tutorials/src/publisher.cpp:69:56:[m[K [01;31m[Kerror: [m[Kâ€˜[01m[KNewService[m[Kâ€™ is not a member of â€˜[01m[Kbeginner_tutorials::srv[m[Kâ€™
   69 |     service_ = create_service<beginner_tutorials::srv::[01;31m[KNewService[m[K>(
      |                                                        [01;31m[K^~~~~~~~~~[m[K
[01m[K/home/sas/ros2_ws/beginner_tutorials/src/publisher.cpp:69:67:[m[K [01;31m[Kerror: [m[Kno matching function for call to â€˜[01m[KPublisher::create_service<<expression error> >(const char [15], std::_Bind<void (Publisher::*(Publisher*, std::_Placeholder<1>, std::_Placeholder<2>))(...)>&)[m[Kâ€™
   69 |     service_ = [01;31m[Kcreate_service<beginner_tutorials::srv::NewService>([m[K
      |                [01;31m[K~~~~~~~~~~~~~~~~~~~~~~~~~~~~~~~~~~~~~~~~~~~~~~~~~~~^[m[K
   70 | [01;31m[K        "custom_service", serviceCallbackPtr)[m[K;
      |         [01;31m[K~~~~~~~~~~~~~~~~~~~~~~~~~~~~~~~~~~~~~[m[K                      
In file included from [01m[K/opt/ros/humble/include/rclcpp/rclcpp/executors/single_threaded_executor.hpp:28[m[K,
                 from [01m[K/opt/ros/humble/include/rclcpp/rclcpp/executors.hpp:22[m[K,
                 from [01m[K/opt/ros/humble/include/rclcpp/rclcpp/rclcpp.hpp:155[m[K,
                 from [01m[K/opt/ros/humble/include/tf2_ros/tf2_ros/static_transform_broadcaster.h:41[m[K,
                 from [01m[K/home/sas/ros2_ws/beginner_tutorials/src/publisher.cpp:11[m[K:
[01m[K/opt/ros/humble/include/rclcpp/rclcpp/node.hpp:267:3:[m[K [01;36m[Knote: [m[Kcandidate: â€˜[01m[Ktemplate<class ServiceT, class CallbackT> typename rclcpp::Service<ServiceT>::SharedPtr rclcpp::Node::create_service(const string&, CallbackT&&, const rmw_qos_profile_t&, rclcpp::CallbackGroup::SharedPtr)[m[Kâ€™
  267 |   [01;36m[Kcreate_service[m[K(
      |   [01;36m[K^~~~~~~~~~~~~~[m[K
[01m[K/opt/ros/humble/include/rclcpp/rclcpp/node.hpp:267:3:[m[K [01;36m[Knote: [m[K  template argument deduction/substitution failed:
[01m[K/home/sas/ros2_ws/beginner_tutorials/src/publisher.cpp:69:67:[m[K [01;31m[Kerror: [m[Ktemplate argument 1 is invalid
   69 |     service_ = [01;31m[Kcreate_service<beginner_tutorials::srv::NewService>([m[K
      |                [01;31m[K~~~~~~~~~~~~~~~~~~~~~~~~~~~~~~~~~~~~~~~~~~~~~~~~~~~^[m[K
   70 | [01;31m[K        "custom_service", serviceCallbackPtr)[m[K;
      |         [01;31m[K~~~~~~~~~~~~~~~~~~~~~~~~~~~~~~~~~~~~~[m[K                      
[01m[K/home/sas/ros2_ws/beginner_tutorials/src/publisher.cpp:[m[K In member function â€˜[01m[Kvoid Publisher::change_message(...)[m[Kâ€™:
[01m[K/home/sas/ros2_ws/beginner_tutorials/src/publisher.cpp:96:5:[m[K [01;31m[Kerror: [m[Kâ€˜[01m[Kresponse[m[Kâ€™ was not declared in this scope
   96 |     [01;31m[Kresponse[m[K->response_message =
      |     [01;31m[K^~~~~~~~[m[K
[01m[K/home/sas/ros2_ws/beginner_tutorials/src/publisher.cpp:97:9:[m[K [01;31m[Kerror: [m[Kâ€˜[01m[Krequest[m[Kâ€™ was not declared in this scope
   97 |         [01;31m[Krequest[m[K->request_message + "Hey there, the service is modified";
      |         [01;31m[K^~~~~~~[m[K
gmake[2]: *** [CMakeFiles/talker.dir/build.make:76: CMakeFiles/talker.dir/src/publisher.cpp.o] Error 1
gmake[1]: *** [CMakeFiles/Makefile2:206: CMakeFiles/talker.dir/all] Error 2
gmake[1]: *** Waiting for unfinished jobs....
[ 97%] [32m[1mLinking CXX executable listener[0m
[ 97%] Built target listener
gmake: *** [Makefile:146: all] Error 2
