[0.102s] Invoking command in '/home/sas/ros2_ws/beginner_tutorials/build/beginner_tutorials': CMAKE_PREFIX_PATH=/opt/ros/humble /usr/bin/cmake --build /home/sas/ros2_ws/beginner_tutorials/build/beginner_tutorials -- -j8 -l8
[0.216s] [  7%] Built target beginner_tutorials__rosidl_generator_c
[0.217s] [  9%] Built target beginner_tutorials__cpp
[0.217s] [ 14%] Built target gtest
[0.223s] [ 19%] Built target gtest_main
[0.226s] [ 19%] Built target ament_cmake_python_copy_beginner_tutorials
[0.252s] [35m[1mConsolidate compiler generated dependencies of target beginner_tutorials_test[0m
[0.252s] [ 26%] Built target beginner_tutorials__rosidl_typesupport_introspection_c
[0.257s] [ 34%] Built target beginner_tutorials__rosidl_typesupport_c
[0.265s] [ 41%] Built target beginner_tutorials__rosidl_typesupport_cpp
[0.274s] [ 48%] Built target beginner_tutorials__rosidl_typesupport_fastrtps_cpp
[0.281s] [ 56%] Built target beginner_tutorials__rosidl_typesupport_introspection_cpp
[0.282s] [ 63%] Built target beginner_tutorials__rosidl_typesupport_fastrtps_c
[0.282s] [ 68%] Built target beginner_tutorials_test
[0.319s] [ 73%] Built target listener
[0.323s] [ 75%] [32mBuilding CXX object CMakeFiles/talker.dir/src/publisher.cpp.o[0m
[0.326s] [ 75%] Built target beginner_tutorials
[0.366s] [ 78%] Built target beginner_tutorials__py
[0.409s] [ 82%] Built target beginner_tutorials__rosidl_generator_py
[0.450s] [ 87%] Built target beginner_tutorials__rosidl_typesupport_fastrtps_c__pyext
[0.457s] [ 92%] Built target beginner_tutorials__rosidl_typesupport_introspection_c__pyext
[0.460s] [ 97%] Built target beginner_tutorials__rosidl_typesupport_c__pyext
[0.737s] running egg_info
[0.740s] writing beginner_tutorials.egg-info/PKG-INFO
[0.740s] writing dependency_links to beginner_tutorials.egg-info/dependency_links.txt
[0.741s] writing top-level names to beginner_tutorials.egg-info/top_level.txt
[0.743s] reading manifest file 'beginner_tutorials.egg-info/SOURCES.txt'
[0.744s] writing manifest file 'beginner_tutorials.egg-info/SOURCES.txt'
[0.795s] [ 97%] Built target ament_cmake_python_build_beginner_tutorials_egg
[4.668s] [01m[K/home/sas/ros2_ws/beginner_tutorials/src/publisher.cpp:100:54:[m[K [01;31m[Kerror: [m[Kâ€˜[01m[KCustomService[m[Kâ€™ is not a member of â€˜[01m[Kbeginner_tutorials::srv[m[Kâ€™
[4.668s]   100 |       const std::shared_ptr<beginner_tutorials::srv::[01;31m[KCustomService[m[K::Request>
[4.669s]       |                                                      [01;31m[K^~~~~~~~~~~~~[m[K
[4.669s] [01m[K/home/sas/ros2_ws/beginner_tutorials/src/publisher.cpp:100:76:[m[K [01;31m[Kerror: [m[Ktemplate argument 1 is invalid
[4.670s]   100 |       const std::shared_ptr<beginner_tutorials::srv::CustomService::Request[01;31m[K>[m[K
[4.670s]       |                                                                            [01;31m[K^[m[K
[4.670s] [01m[K/home/sas/ros2_ws/beginner_tutorials/src/publisher.cpp:100:54:[m[K [01;31m[Kerror: [m[Kâ€˜[01m[KCustomService[m[Kâ€™ is not a member of â€˜[01m[Kbeginner_tutorials::srv[m[Kâ€™
[4.670s]   100 |       const std::shared_ptr<beginner_tutorials::srv::[01;31m[KCustomService[m[K::Request>
[4.670s]       |                                                      [01;31m[K^~~~~~~~~~~~~[m[K
[4.670s] [01m[K/home/sas/ros2_ws/beginner_tutorials/src/publisher.cpp:100:76:[m[K [01;31m[Kerror: [m[Ktemplate argument 1 is invalid
[4.671s]   100 |       const std::shared_ptr<beginner_tutorials::srv::CustomService::Request[01;31m[K>[m[K
[4.671s]       |                                                                            [01;31m[K^[m[K
[4.671s] [01m[K/home/sas/ros2_ws/beginner_tutorials/src/publisher.cpp:100:54:[m[K [01;31m[Kerror: [m[Kâ€˜[01m[KCustomService[m[Kâ€™ is not a member of â€˜[01m[Kbeginner_tutorials::srv[m[Kâ€™
[4.671s]   100 |       const std::shared_ptr<beginner_tutorials::srv::[01;31m[KCustomService[m[K::Request>
[4.672s]       |                                                      [01;31m[K^~~~~~~~~~~~~[m[K
[4.672s] [01m[K/home/sas/ros2_ws/beginner_tutorials/src/publisher.cpp:100:76:[m[K [01;31m[Kerror: [m[Ktemplate argument 1 is invalid
[4.672s]   100 |       const std::shared_ptr<beginner_tutorials::srv::CustomService::Request[01;31m[K>[m[K
[4.672s]       |                                                                            [01;31m[K^[m[K
[4.672s] [01m[K/home/sas/ros2_ws/beginner_tutorials/src/publisher.cpp:100:13:[m[K [01;31m[Kerror: [m[Kinvalid template-id
[4.672s]   100 |       const [01;31m[Kstd[m[K::shared_ptr<beginner_tutorials::srv::CustomService::Request>
[4.672s]       |             [01;31m[K^~~[m[K
[4.672s] [01m[K/home/sas/ros2_ws/beginner_tutorials/src/publisher.cpp:100:54:[m[K [01;31m[Kerror: [m[Kâ€˜[01m[Kbeginner_tutorials::srv::CustomService[m[Kâ€™ has not been declared
[4.672s]   100 |       const std::shared_ptr<beginner_tutorials::srv::[01;31m[KCustomService[m[K::Request>
[4.673s]       |                                                      [01;31m[K^~~~~~~~~~~~~[m[K
[4.673s] [01m[K/home/sas/ros2_ws/beginner_tutorials/src/publisher.cpp:100:7:[m[K [01;31m[Kerror: [m[Kclass template placeholder â€˜[01m[Kstd::shared_ptr[m[Kâ€™ not permitted in this context
[4.673s]   100 |       [01;31m[Kconst[m[K std::shared_ptr<beginner_tutorials::srv::CustomService::Request>
[4.673s]       |       [01;31m[K^~~~~[m[K
[4.673s] [01m[K/home/sas/ros2_ws/beginner_tutorials/src/publisher.cpp:102:48:[m[K [01;31m[Kerror: [m[Kâ€˜[01m[KCustomService[m[Kâ€™ is not a member of â€˜[01m[Kbeginner_tutorials::srv[m[Kâ€™
[4.673s]   102 |       std::shared_ptr<beginner_tutorials::srv::[01;31m[KCustomService[m[K::Response>
[4.673s]       |                                                [01;31m[K^~~~~~~~~~~~~[m[K
[4.674s] [01m[K/home/sas/ros2_ws/beginner_tutorials/src/publisher.cpp:102:71:[m[K [01;31m[Kerror: [m[Ktemplate argument 1 is invalid
[4.674s]   102 |       std::shared_ptr<beginner_tutorials::srv::CustomService::Response[01;31m[K>[m[K
[4.674s]       |                                                                       [01;31m[K^[m[K
[4.674s] [01m[K/home/sas/ros2_ws/beginner_tutorials/src/publisher.cpp:102:48:[m[K [01;31m[Kerror: [m[Kâ€˜[01m[KCustomService[m[Kâ€™ is not a member of â€˜[01m[Kbeginner_tutorials::srv[m[Kâ€™
[4.674s]   102 |       std::shared_ptr<beginner_tutorials::srv::[01;31m[KCustomService[m[K::Response>
[4.674s]       |                                                [01;31m[K^~~~~~~~~~~~~[m[K
[4.674s] [01m[K/home/sas/ros2_ws/beginner_tutorials/src/publisher.cpp:102:71:[m[K [01;31m[Kerror: [m[Ktemplate argument 1 is invalid
[4.674s]   102 |       std::shared_ptr<beginner_tutorials::srv::CustomService::Response[01;31m[K>[m[K
[4.675s]       |                                                                       [01;31m[K^[m[K
[4.675s] [01m[K/home/sas/ros2_ws/beginner_tutorials/src/publisher.cpp:102:48:[m[K [01;31m[Kerror: [m[Kâ€˜[01m[KCustomService[m[Kâ€™ is not a member of â€˜[01m[Kbeginner_tutorials::srv[m[Kâ€™
[4.675s]   102 |       std::shared_ptr<beginner_tutorials::srv::[01;31m[KCustomService[m[K::Response>
[4.675s]       |                                                [01;31m[K^~~~~~~~~~~~~[m[K
[4.675s] [01m[K/home/sas/ros2_ws/beginner_tutorials/src/publisher.cpp:102:71:[m[K [01;31m[Kerror: [m[Ktemplate argument 1 is invalid
[4.675s]   102 |       std::shared_ptr<beginner_tutorials::srv::CustomService::Response[01;31m[K>[m[K
[4.675s]       |                                                                       [01;31m[K^[m[K
[4.675s] [01m[K/home/sas/ros2_ws/beginner_tutorials/src/publisher.cpp:102:7:[m[K [01;31m[Kerror: [m[Kinvalid template-id
[4.676s]   102 |       [01;31m[Kstd[m[K::shared_ptr<beginner_tutorials::srv::CustomService::Response>
[4.676s]       |       [01;31m[K^~~[m[K
[4.676s] [01m[K/home/sas/ros2_ws/beginner_tutorials/src/publisher.cpp:102:48:[m[K [01;31m[Kerror: [m[Kâ€˜[01m[Kbeginner_tutorials::srv::CustomService[m[Kâ€™ has not been declared
[4.676s]   102 |       std::shared_ptr<beginner_tutorials::srv::[01;31m[KCustomService[m[K::Response>
[4.676s]       |                                                [01;31m[K^~~~~~~~~~~~~[m[K
[4.676s] [01m[K/home/sas/ros2_ws/beginner_tutorials/src/publisher.cpp:102:7:[m[K [01;31m[Kerror: [m[Kclass template placeholder â€˜[01m[Kstd::shared_ptr[m[Kâ€™ not permitted in this context
[4.676s]   102 |       [01;31m[Kstd[m[K::shared_ptr<beginner_tutorials::srv::CustomService::Response>
[4.676s]       |       [01;31m[K^~~[m[K
[4.682s] [01m[K/home/sas/ros2_ws/beginner_tutorials/src/publisher.cpp:130:44:[m[K [01;31m[Kerror: [m[Kâ€˜[01m[KCustomService[m[Kâ€™ is not a member of â€˜[01m[Kbeginner_tutorials::srv[m[Kâ€™
[4.683s]   130 |   rclcpp::Service<beginner_tutorials::srv::[01;31m[KCustomService[m[K>::SharedPtr service_;
[4.683s]       |                                            [01;31m[K^~~~~~~~~~~~~[m[K
[4.683s] [01m[K/home/sas/ros2_ws/beginner_tutorials/src/publisher.cpp:130:57:[m[K [01;31m[Kerror: [m[Ktemplate argument 1 is invalid
[4.683s]   130 |   rclcpp::Service<beginner_tutorials::srv::CustomService[01;31m[K>[m[K::SharedPtr service_;
[4.683s]       |                                                         [01;31m[K^[m[K
[4.683s] [01m[K/home/sas/ros2_ws/beginner_tutorials/src/publisher.cpp:130:60:[m[K [01;31m[Kerror: [m[Kexpected â€˜[01m[K;[m[Kâ€™ at end of member declaration
[4.683s]   130 |   rclcpp::Service<beginner_tutorials::srv::CustomService>::[01;31m[KSharedPtr[m[K service_;
[4.683s]       |                                                            [01;31m[K^~~~~~~~~[m[K
[4.683s]       |                                                                     [32m[K;[m[K
[4.685s] [01m[K/home/sas/ros2_ws/beginner_tutorials/src/publisher.cpp:130:70:[m[K [01;31m[Kerror: [m[Kâ€˜[01m[Kservice_[m[Kâ€™ does not name a type
[4.685s]   130 |   rclcpp::Service<beginner_tutorials::srv::CustomService>::SharedPtr [01;31m[Kservice_[m[K;
[4.685s]       |                                                                      [01;31m[K^~~~~~~~[m[K
[4.747s] [01m[K/home/sas/ros2_ws/beginner_tutorials/src/publisher.cpp:[m[K In constructor â€˜[01m[KPublisher::Publisher()[m[Kâ€™:
[4.747s] [01m[K/home/sas/ros2_ws/beginner_tutorials/src/publisher.cpp:76:5:[m[K [01;31m[Kerror: [m[Kâ€˜[01m[Kservice_[m[Kâ€™ was not declared in this scope
[4.747s]    76 |     [01;31m[Kservice_[m[K = create_service<beginner_tutorials::srv::CustomService>(
[4.747s]       |     [01;31m[K^~~~~~~~[m[K
[4.747s] [01m[K/home/sas/ros2_ws/beginner_tutorials/src/publisher.cpp:76:56:[m[K [01;31m[Kerror: [m[Kâ€˜[01m[KCustomService[m[Kâ€™ is not a member of â€˜[01m[Kbeginner_tutorials::srv[m[Kâ€™
[4.747s]    76 |     service_ = create_service<beginner_tutorials::srv::[01;31m[KCustomService[m[K>(
[4.748s]       |                                                        [01;31m[K^~~~~~~~~~~~~[m[K
[4.748s] [01m[K/home/sas/ros2_ws/beginner_tutorials/src/publisher.cpp:76:70:[m[K [01;31m[Kerror: [m[Kno matching function for call to â€˜[01m[KPublisher::create_service<<expression error> >(const char [15], std::_Bind<void (Publisher::*(Publisher*, std::_Placeholder<1>, std::_Placeholder<2>))(...)>&)[m[Kâ€™
[4.748s]    76 |     service_ = [01;31m[Kcreate_service<beginner_tutorials::srv::CustomService>([m[K
[4.748s]       |                [01;31m[K~~~~~~~~~~~~~~~~~~~~~~~~~~~~~~~~~~~~~~~~~~~~~~~~~~~~~~^[m[K
[4.748s]    77 | [01;31m[K        "custom_service", serviceCallbackPtr)[m[K;
[4.748s]       |         [01;31m[K~~~~~~~~~~~~~~~~~~~~~~~~~~~~~~~~~~~~~[m[K                         
[4.748s] In file included from [01m[K/opt/ros/humble/include/rclcpp/rclcpp/executors/single_threaded_executor.hpp:28[m[K,
[4.748s]                  from [01m[K/opt/ros/humble/include/rclcpp/rclcpp/executors.hpp:22[m[K,
[4.748s]                  from [01m[K/opt/ros/humble/include/rclcpp/rclcpp/rclcpp.hpp:155[m[K,
[4.748s]                  from [01m[K/opt/ros/humble/include/tf2_ros/tf2_ros/static_transform_broadcaster.h:41[m[K,
[4.748s]                  from [01m[K/home/sas/ros2_ws/beginner_tutorials/src/publisher.cpp:11[m[K:
[4.749s] [01m[K/opt/ros/humble/include/rclcpp/rclcpp/node.hpp:267:3:[m[K [01;36m[Knote: [m[Kcandidate: â€˜[01m[Ktemplate<class ServiceT, class CallbackT> typename rclcpp::Service<ServiceT>::SharedPtr rclcpp::Node::create_service(const string&, CallbackT&&, const rmw_qos_profile_t&, rclcpp::CallbackGroup::SharedPtr)[m[Kâ€™
[4.749s]   267 |   [01;36m[Kcreate_service[m[K(
[4.749s]       |   [01;36m[K^~~~~~~~~~~~~~[m[K
[4.749s] [01m[K/opt/ros/humble/include/rclcpp/rclcpp/node.hpp:267:3:[m[K [01;36m[Knote: [m[K  template argument deduction/substitution failed:
[4.751s] [01m[K/home/sas/ros2_ws/beginner_tutorials/src/publisher.cpp:76:70:[m[K [01;31m[Kerror: [m[Ktemplate argument 1 is invalid
[4.752s]    76 |     service_ = [01;31m[Kcreate_service<beginner_tutorials::srv::CustomService>([m[K
[4.752s]       |                [01;31m[K~~~~~~~~~~~~~~~~~~~~~~~~~~~~~~~~~~~~~~~~~~~~~~~~~~~~~~^[m[K
[4.752s]    77 | [01;31m[K        "custom_service", serviceCallbackPtr)[m[K;
[4.752s]       |         [01;31m[K~~~~~~~~~~~~~~~~~~~~~~~~~~~~~~~~~~~~~[m[K                         
[4.767s] [01m[K/home/sas/ros2_ws/beginner_tutorials/src/publisher.cpp:[m[K In member function â€˜[01m[Kvoid Publisher::change_message(...)[m[Kâ€™:
[4.767s] [01m[K/home/sas/ros2_ws/beginner_tutorials/src/publisher.cpp:104:5:[m[K [01;31m[Kerror: [m[Kâ€˜[01m[Kresponse[m[Kâ€™ was not declared in this scope
[4.767s]   104 |     [01;31m[Kresponse[m[K->response_message =
[4.767s]       |     [01;31m[K^~~~~~~~[m[K
[4.778s] [01m[K/home/sas/ros2_ws/beginner_tutorials/src/publisher.cpp:105:9:[m[K [01;31m[Kerror: [m[Kâ€˜[01m[Krequest[m[Kâ€™ was not declared in this scope
[4.778s]   105 |         [01;31m[Krequest[m[K->request_message + "Hi, This is modified service!!";
[4.778s]       |         [01;31m[K^~~~~~~[m[K
[6.458s] gmake[2]: *** [CMakeFiles/talker.dir/build.make:76: CMakeFiles/talker.dir/src/publisher.cpp.o] Error 1
[6.459s] gmake[1]: *** [CMakeFiles/Makefile2:206: CMakeFiles/talker.dir/all] Error 2
[6.459s] gmake: *** [Makefile:146: all] Error 2
[6.463s] Invoked command in '/home/sas/ros2_ws/beginner_tutorials/build/beginner_tutorials' returned '2': CMAKE_PREFIX_PATH=/opt/ros/humble /usr/bin/cmake --build /home/sas/ros2_ws/beginner_tutorials/build/beginner_tutorials -- -j8 -l8
